[22-Aug-2013 15:52:07 UTC] PHP Warning:  Xdebug MUST be loaded as a Zend extension in Unknown on line 0
[22-Aug-2013 15:52:10 UTC] PHP Warning:  Xdebug MUST be loaded as a Zend extension in Unknown on line 0
[22-Aug-2013 15:52:31 UTC] PHP Warning:  Xdebug MUST be loaded as a Zend extension in Unknown on line 0
[23-Aug-2013 09:44:43 UTC] PHP Warning:  Xdebug MUST be loaded as a Zend extension in Unknown on line 0
[23-Aug-2013 09:45:02 UTC] PHP Warning:  Xdebug MUST be loaded as a Zend extension in Unknown on line 0
[23-Aug-2013 09:45:12 UTC] PHP Warning:  Xdebug MUST be loaded as a Zend extension in Unknown on line 0
[23-Aug-2013 11:47:53 Europe/Berlin] exception 'TechDivision\ServletContainer\Exceptions\InvalidHeaderException' with message 'Found invalid request method ''' in /opt/appserver/app/code/vendor/techdivision/servletcontainer/src/TechDivision/ServletContainer/Http/HttpRequest.php:266
Stack trace:
#0 /opt/appserver/app/code/vendor/techdivision/servletcontainer/src/TechDivision/ServletContainer/Http/HttpRequest.php(191): TechDivision\ServletContainer\Http\HttpRequest->getRequestMethodInstance()
#1 /opt/appserver/app/code/vendor/techdivision/servletcontainer/src/TechDivision/ServletContainer/Socket/HttpClient.php(67): TechDivision\ServletContainer\Http\HttpRequest->initFromRawHeader('')
#2 /opt/appserver/app/code/vendor/techdivision/servletcontainer/src/TechDivision/ServletContainer/ThreadRequest.php(86): TechDivision\ServletContainer\Socket\HttpClient->receive()
#3 /opt/appserver/app/code/vendor/techdivision/appserver/src/TechDivision/ApplicationServer/AbstractThread.php(51): TechDivision\ServletContainer\ThreadRequest->main()
#4 [internal function]: TechDivision\ServletContainer\ThreadRequest->run()
#5 {main}
[23-Aug-2013 13:27:37 Europe/Berlin] exception 'TechDivision\ServletContainer\Exceptions\MethodNotImplementedException' with message 'Method TechDivision\ServletContainer\Servlets\HttpServlet::doHead is not implemented in this servlet.' in /opt/appserver/app/code/vendor/techdivision/servletcontainer/src/TechDivision/ServletContainer/Servlets/HttpServlet.php:69
Stack trace:
#0 /opt/appserver/app/code/vendor/techdivision/servletcontainer/src/TechDivision/ServletContainer/Servlets/HttpServlet.php(153): TechDivision\ApplicationServerWebsite\Servlets\SiteServlet->doHead(Object(TechDivision\ServletContainer\Http\HeadRequest), Object(TechDivision\ServletContainer\Http\HttpResponse))
#1 /opt/appserver/app/code/vendor/techdivision/servletcontainer/src/TechDivision/ServletContainer/ThreadRequest.php(102): TechDivision\ApplicationServerWebsite\Servlets\SiteServlet->service(Object(TechDivision\ServletContainer\Http\HeadRequest), Object(TechDivision\ServletContainer\Http\HttpResponse))
#2 /opt/appserver/app/code/vendor/techdivision/appserver/src/TechDivision/ApplicationServer/AbstractThread.php(51): TechDivision\ServletContainer\ThreadRequest->main()
#3 [internal function]: TechDivision\ServletContainer\ThreadRequest->run()
#4 {main}
[23-Aug-2013 13:27:37 Europe/Berlin] exception 'TechDivision\ServletContainer\Exceptions\MethodNotImplementedException' with message 'Method TechDivision\ServletContainer\Servlets\HttpServlet::doHead is not implemented in this servlet.' in /opt/appserver/app/code/vendor/techdivision/servletcontainer/src/TechDivision/ServletContainer/Servlets/HttpServlet.php:69
Stack trace:
#0 /opt/appserver/app/code/vendor/techdivision/servletcontainer/src/TechDivision/ServletContainer/Servlets/HttpServlet.php(153): TechDivision\ApplicationServerWebsite\Servlets\SiteServlet->doHead(Object(TechDivision\ServletContainer\Http\HeadRequest), Object(TechDivision\ServletContainer\Http\HttpResponse))
#1 /opt/appserver/app/code/vendor/techdivision/servletcontainer/src/TechDivision/ServletContainer/ThreadRequest.php(102): TechDivision\ApplicationServerWebsite\Servlets\SiteServlet->service(Object(TechDivision\ServletContainer\Http\HeadRequest), Object(TechDivision\ServletContainer\Http\HttpResponse))
#2 /opt/appserver/app/code/vendor/techdivision/appserver/src/TechDivision/ApplicationServer/AbstractThread.php(51): TechDivision\ServletContainer\ThreadRequest->main()
#3 [internal function]: TechDivision\ServletContainer\ThreadRequest->run()
#4 {main}
[23-Aug-2013 13:43:44 Europe/Berlin] exception 'TechDivision\ServletContainer\Exceptions\InvalidHeaderException' with message 'Found invalid request method ''' in /opt/appserver/app/code/vendor/techdivision/servletcontainer/src/TechDivision/ServletContainer/Http/HttpRequest.php:266
Stack trace:
#0 /opt/appserver/app/code/vendor/techdivision/servletcontainer/src/TechDivision/ServletContainer/Http/HttpRequest.php(191): TechDivision\ServletContainer\Http\HttpRequest->getRequestMethodInstance()
#1 /opt/appserver/app/code/vendor/techdivision/servletcontainer/src/TechDivision/ServletContainer/Socket/HttpClient.php(67): TechDivision\ServletContainer\Http\HttpRequest->initFromRawHeader('')
#2 /opt/appserver/app/code/vendor/techdivision/servletcontainer/src/TechDivision/ServletContainer/ThreadRequest.php(86): TechDivision\ServletContainer\Socket\HttpClient->receive()
#3 /opt/appserver/app/code/vendor/techdivision/appserver/src/TechDivision/ApplicationServer/AbstractThread.php(51): TechDivision\ServletContainer\ThreadRequest->main()
#4 [internal function]: TechDivision\ServletContainer\ThreadRequest->run()
#5 {main}
[23-Aug-2013 13:45:25 Europe/Berlin] exception 'TechDivision\ServletContainer\Exceptions\MethodNotImplementedException' with message 'Method TechDivision\ServletContainer\Servlets\HttpServlet::doHead is not implemented in this servlet.' in /opt/appserver/app/code/vendor/techdivision/servletcontainer/src/TechDivision/ServletContainer/Servlets/HttpServlet.php:69
Stack trace:
#0 /opt/appserver/app/code/vendor/techdivision/servletcontainer/src/TechDivision/ServletContainer/Servlets/HttpServlet.php(153): TechDivision\ApplicationServerWebsite\Servlets\SiteServlet->doHead(Object(TechDivision\ServletContainer\Http\HeadRequest), Object(TechDivision\ServletContainer\Http\HttpResponse))
#1 /opt/appserver/app/code/vendor/techdivision/servletcontainer/src/TechDivision/ServletContainer/ThreadRequest.php(102): TechDivision\ApplicationServerWebsite\Servlets\SiteServlet->service(Object(TechDivision\ServletContainer\Http\HeadRequest), Object(TechDivision\ServletContainer\Http\HttpResponse))
#2 /opt/appserver/app/code/vendor/techdivision/appserver/src/TechDivision/ApplicationServer/AbstractThread.php(51): TechDivision\ServletContainer\ThreadRequest->main()
#3 [internal function]: TechDivision\ServletContainer\ThreadRequest->run()
#4 {main}
[23-Aug-2013 13:45:26 Europe/Berlin] exception 'TechDivision\ServletContainer\Exceptions\MethodNotImplementedException' with message 'Method TechDivision\ServletContainer\Servlets\HttpServlet::doHead is not implemented in this servlet.' in /opt/appserver/app/code/vendor/techdivision/servletcontainer/src/TechDivision/ServletContainer/Servlets/HttpServlet.php:69
Stack trace:
#0 /opt/appserver/app/code/vendor/techdivision/servletcontainer/src/TechDivision/ServletContainer/Servlets/HttpServlet.php(153): TechDivision\ApplicationServerWebsite\Servlets\SiteServlet->doHead(Object(TechDivision\ServletContainer\Http\HeadRequest), Object(TechDivision\ServletContainer\Http\HttpResponse))
#1 /opt/appserver/app/code/vendor/techdivision/servletcontainer/src/TechDivision/ServletContainer/ThreadRequest.php(102): TechDivision\ApplicationServerWebsite\Servlets\SiteServlet->service(Object(TechDivision\ServletContainer\Http\HeadRequest), Object(TechDivision\ServletContainer\Http\HttpResponse))
#2 /opt/appserver/app/code/vendor/techdivision/appserver/src/TechDivision/ApplicationServer/AbstractThread.php(51): TechDivision\ServletContainer\ThreadRequest->main()
#3 [internal function]: TechDivision\ServletContainer\ThreadRequest->run()
#4 {main}
[23-Aug-2013 13:48:06 Europe/Berlin] exception 'TechDivision\ServletContainer\Exceptions\InvalidHeaderException' with message 'Found invalid request method ''' in /opt/appserver/app/code/vendor/techdivision/servletcontainer/src/TechDivision/ServletContainer/Http/HttpRequest.php:266
Stack trace:
#0 /opt/appserver/app/code/vendor/techdivision/servletcontainer/src/TechDivision/ServletContainer/Http/HttpRequest.php(191): TechDivision\ServletContainer\Http\HttpRequest->getRequestMethodInstance()
#1 /opt/appserver/app/code/vendor/techdivision/servletcontainer/src/TechDivision/ServletContainer/Socket/HttpClient.php(67): TechDivision\ServletContainer\Http\HttpRequest->initFromRawHeader('')
#2 /opt/appserver/app/code/vendor/techdivision/servletcontainer/src/TechDivision/ServletContainer/ThreadRequest.php(86): TechDivision\ServletContainer\Socket\HttpClient->receive()
#3 /opt/appserver/app/code/vendor/techdivision/appserver/src/TechDivision/ApplicationServer/AbstractThread.php(51): TechDivision\ServletContainer\ThreadRequest->main()
#4 [internal function]: TechDivision\ServletContainer\ThreadRequest->run()
#5 {main}
[23-Aug-2013 13:48:06 Europe/Berlin] exception 'TechDivision\ServletContainer\Exceptions\InvalidHeaderException' with message 'Found invalid request method ''' in /opt/appserver/app/code/vendor/techdivision/servletcontainer/src/TechDivision/ServletContainer/Http/HttpRequest.php:266
Stack trace:
#0 /opt/appserver/app/code/vendor/techdivision/servletcontainer/src/TechDivision/ServletContainer/Http/HttpRequest.php(191): TechDivision\ServletContainer\Http\HttpRequest->getRequestMethodInstance()
#1 /opt/appserver/app/code/vendor/techdivision/servletcontainer/src/TechDivision/ServletContainer/Socket/HttpClient.php(67): TechDivision\ServletContainer\Http\HttpRequest->initFromRawHeader('')
#2 /opt/appserver/app/code/vendor/techdivision/servletcontainer/src/TechDivision/ServletContainer/ThreadRequest.php(86): TechDivision\ServletContainer\Socket\HttpClient->receive()
#3 /opt/appserver/app/code/vendor/techdivision/appserver/src/TechDivision/ApplicationServer/AbstractThread.php(51): TechDivision\ServletContainer\ThreadRequest->main()
#4 [internal function]: TechDivision\ServletContainer\ThreadRequest->run()
#5 {main}
[23-Aug-2013 13:48:06 Europe/Berlin] exception 'TechDivision\ServletContainer\Exceptions\InvalidHeaderException' with message 'Found invalid request method ''' in /opt/appserver/app/code/vendor/techdivision/servletcontainer/src/TechDivision/ServletContainer/Http/HttpRequest.php:266
Stack trace:
#0 /opt/appserver/app/code/vendor/techdivision/servletcontainer/src/TechDivision/ServletContainer/Http/HttpRequest.php(191): TechDivision\ServletContainer\Http\HttpRequest->getRequestMethodInstance()
#1 /opt/appserver/app/code/vendor/techdivision/servletcontainer/src/TechDivision/ServletContainer/Socket/HttpClient.php(67): TechDivision\ServletContainer\Http\HttpRequest->initFromRawHeader('')
#2 /opt/appserver/app/code/vendor/techdivision/servletcontainer/src/TechDivision/ServletContainer/ThreadRequest.php(86): TechDivision\ServletContainer\Socket\HttpClient->receive()
#3 /opt/appserver/app/code/vendor/techdivision/appserver/src/TechDivision/ApplicationServer/AbstractThread.php(51): TechDivision\ServletContainer\ThreadRequest->main()
#4 [internal function]: TechDivision\ServletContainer\ThreadRequest->run()
#5 {main}
[23-Aug-2013 13:48:26 Europe/Berlin] exception 'TechDivision\ServletContainer\Exceptions\InvalidHeaderException' with message 'Found invalid request method ''' in /opt/appserver/app/code/vendor/techdivision/servletcontainer/src/TechDivision/ServletContainer/Http/HttpRequest.php:266
Stack trace:
#0 /opt/appserver/app/code/vendor/techdivision/servletcontainer/src/TechDivision/ServletContainer/Http/HttpRequest.php(191): TechDivision\ServletContainer\Http\HttpRequest->getRequestMethodInstance()
#1 /opt/appserver/app/code/vendor/techdivision/servletcontainer/src/TechDivision/ServletContainer/Socket/HttpClient.php(67): TechDivision\ServletContainer\Http\HttpRequest->initFromRawHeader('')
#2 /opt/appserver/app/code/vendor/techdivision/servletcontainer/src/TechDivision/ServletContainer/ThreadRequest.php(86): TechDivision\ServletContainer\Socket\HttpClient->receive()
#3 /opt/appserver/app/code/vendor/techdivision/appserver/src/TechDivision/ApplicationServer/AbstractThread.php(51): TechDivision\ServletContainer\ThreadRequest->main()
#4 [internal function]: TechDivision\ServletContainer\ThreadRequest->run()
#5 {main}
[23-Aug-2013 13:48:26 Europe/Berlin] exception 'TechDivision\ServletContainer\Exceptions\InvalidHeaderException' with message 'Found invalid request method ''' in /opt/appserver/app/code/vendor/techdivision/servletcontainer/src/TechDivision/ServletContainer/Http/HttpRequest.php:266
Stack trace:
#0 /opt/appserver/app/code/vendor/techdivision/servletcontainer/src/TechDivision/ServletContainer/Http/HttpRequest.php(191): TechDivision\ServletContainer\Http\HttpRequest->getRequestMethodInstance()
#1 /opt/appserver/app/code/vendor/techdivision/servletcontainer/src/TechDivision/ServletContainer/Socket/HttpClient.php(67): TechDivision\ServletContainer\Http\HttpRequest->initFromRawHeader('')
#2 /opt/appserver/app/code/vendor/techdivision/servletcontainer/src/TechDivision/ServletContainer/ThreadRequest.php(86): TechDivision\ServletContainer\Socket\HttpClient->receive()
#3 /opt/appserver/app/code/vendor/techdivision/appserver/src/TechDivision/ApplicationServer/AbstractThread.php(51): TechDivision\ServletContainer\ThreadRequest->main()
#4 [internal function]: TechDivision\ServletContainer\ThreadRequest->run()
#5 {main}
[23-Aug-2013 13:48:26 Europe/Berlin] exception 'TechDivision\ServletContainer\Exceptions\InvalidHeaderException' with message 'Found invalid request method ''' in /opt/appserver/app/code/vendor/techdivision/servletcontainer/src/TechDivision/ServletContainer/Http/HttpRequest.php:266
Stack trace:
#0 /opt/appserver/app/code/vendor/techdivision/servletcontainer/src/TechDivision/ServletContainer/Http/HttpRequest.php(191): TechDivision\ServletContainer\Http\HttpRequest->getRequestMethodInstance()
#1 /opt/appserver/app/code/vendor/techdivision/servletcontainer/src/TechDivision/ServletContainer/Socket/HttpClient.php(67): TechDivision\ServletContainer\Http\HttpRequest->initFromRawHeader('')
#2 /opt/appserver/app/code/vendor/techdivision/servletcontainer/src/TechDivision/ServletContainer/ThreadRequest.php(86): TechDivision\ServletContainer\Socket\HttpClient->receive()
#3 /opt/appserver/app/code/vendor/techdivision/appserver/src/TechDivision/ApplicationServer/AbstractThread.php(51): TechDivision\ServletContainer\ThreadRequest->main()
#4 [internal function]: TechDivision\ServletContainer\ThreadRequest->run()
#5 {main}
[23-Aug-2013 13:50:16 Europe/Berlin] exception 'TechDivision\ServletContainer\Exceptions\BadRequestException' with message 'Can\'t find application for ''' in /opt/appserver/app/code/vendor/techdivision/servletcontainer/src/TechDivision/ServletContainer/Container.php:67
Stack trace:
#0 /opt/appserver/app/code/vendor/techdivision/servletcontainer/src/TechDivision/ServletContainer/ThreadRequest.php(187): TechDivision\ServletContainer\Container->findApplication(Object(TechDivision\ServletContainer\Http\GetRequest))
#1 /opt/appserver/app/code/vendor/techdivision/servletcontainer/src/TechDivision/ServletContainer/ThreadRequest.php(96): TechDivision\ServletContainer\ThreadRequest->findApplication(Object(TechDivision\ServletContainer\Http\GetRequest))
#2 /opt/appserver/app/code/vendor/techdivision/appserver/src/TechDivision/ApplicationServer/AbstractThread.php(51): TechDivision\ServletContainer\ThreadRequest->main()
#3 [internal function]: TechDivision\ServletContainer\ThreadRequest->run()
#4 {main}
[23-Aug-2013 13:52:18 Europe/Berlin] exception 'TechDivision\ServletContainer\Exceptions\MethodNotImplementedException' with message 'Method TechDivision\ServletContainer\Servlets\HttpServlet::doHead is not implemented in this servlet.' in /opt/appserver/app/code/vendor/techdivision/servletcontainer/src/TechDivision/ServletContainer/Servlets/HttpServlet.php:69
Stack trace:
#0 /opt/appserver/app/code/vendor/techdivision/servletcontainer/src/TechDivision/ServletContainer/Servlets/HttpServlet.php(153): TechDivision\ApplicationServerWebsite\Servlets\SiteServlet->doHead(Object(TechDivision\ServletContainer\Http\HeadRequest), Object(TechDivision\ServletContainer\Http\HttpResponse))
#1 /opt/appserver/app/code/vendor/techdivision/servletcontainer/src/TechDivision/ServletContainer/ThreadRequest.php(102): TechDivision\ApplicationServerWebsite\Servlets\SiteServlet->service(Object(TechDivision\ServletContainer\Http\HeadRequest), Object(TechDivision\ServletContainer\Http\HttpResponse))
#2 /opt/appserver/app/code/vendor/techdivision/appserver/src/TechDivision/ApplicationServer/AbstractThread.php(51): TechDivision\ServletContainer\ThreadRequest->main()
#3 [internal function]: TechDivision\ServletContainer\ThreadRequest->run()
#4 {main}
[23-Aug-2013 14:03:13 Europe/Berlin] exception 'TechDivision\ServletContainer\Exceptions\InvalidHeaderException' with message 'Found invalid request method ''' in /opt/appserver/app/code/vendor/techdivision/servletcontainer/src/TechDivision/ServletContainer/Http/HttpRequest.php:266
Stack trace:
#0 /opt/appserver/app/code/vendor/techdivision/servletcontainer/src/TechDivision/ServletContainer/Http/HttpRequest.php(191): TechDivision\ServletContainer\Http\HttpRequest->getRequestMethodInstance()
#1 /opt/appserver/app/code/vendor/techdivision/servletcontainer/src/TechDivision/ServletContainer/Socket/HttpClient.php(67): TechDivision\ServletContainer\Http\HttpRequest->initFromRawHeader('')
#2 /opt/appserver/app/code/vendor/techdivision/servletcontainer/src/TechDivision/ServletContainer/ThreadRequest.php(86): TechDivision\ServletContainer\Socket\HttpClient->receive()
#3 /opt/appserver/app/code/vendor/techdivision/appserver/src/TechDivision/ApplicationServer/AbstractThread.php(51): TechDivision\ServletContainer\ThreadRequest->main()
#4 [internal function]: TechDivision\ServletContainer\ThreadRequest->run()
#5 {main}
[23-Aug-2013 14:03:13 Europe/Berlin] exception 'TechDivision\ServletContainer\Exceptions\InvalidHeaderException' with message 'Found invalid request method ''' in /opt/appserver/app/code/vendor/techdivision/servletcontainer/src/TechDivision/ServletContainer/Http/HttpRequest.php:266
Stack trace:
#0 /opt/appserver/app/code/vendor/techdivision/servletcontainer/src/TechDivision/ServletContainer/Http/HttpRequest.php(191): TechDivision\ServletContainer\Http\HttpRequest->getRequestMethodInstance()
#1 /opt/appserver/app/code/vendor/techdivision/servletcontainer/src/TechDivision/ServletContainer/Socket/HttpClient.php(67): TechDivision\ServletContainer\Http\HttpRequest->initFromRawHeader('')
#2 /opt/appserver/app/code/vendor/techdivision/servletcontainer/src/TechDivision/ServletContainer/ThreadRequest.php(86): TechDivision\ServletContainer\Socket\HttpClient->receive()
#3 /opt/appserver/app/code/vendor/techdivision/appserver/src/TechDivision/ApplicationServer/AbstractThread.php(51): TechDivision\ServletContainer\ThreadRequest->main()
#4 [internal function]: TechDivision\ServletContainer\ThreadRequest->run()
#5 {main}
[23-Aug-2013 14:03:13 Europe/Berlin] exception 'TechDivision\ServletContainer\Exceptions\InvalidHeaderException' with message 'Found invalid request method ''' in /opt/appserver/app/code/vendor/techdivision/servletcontainer/src/TechDivision/ServletContainer/Http/HttpRequest.php:266
Stack trace:
#0 /opt/appserver/app/code/vendor/techdivision/servletcontainer/src/TechDivision/ServletContainer/Http/HttpRequest.php(191): TechDivision\ServletContainer\Http\HttpRequest->getRequestMethodInstance()
#1 /opt/appserver/app/code/vendor/techdivision/servletcontainer/src/TechDivision/ServletContainer/Socket/HttpClient.php(67): TechDivision\ServletContainer\Http\HttpRequest->initFromRawHeader('')
#2 /opt/appserver/app/code/vendor/techdivision/servletcontainer/src/TechDivision/ServletContainer/ThreadRequest.php(86): TechDivision\ServletContainer\Socket\HttpClient->receive()
#3 /opt/appserver/app/code/vendor/techdivision/appserver/src/TechDivision/ApplicationServer/AbstractThread.php(51): TechDivision\ServletContainer\ThreadRequest->main()
#4 [internal function]: TechDivision\ServletContainer\ThreadRequest->run()
#5 {main}
[23-Aug-2013 14:03:13 Europe/Berlin] exception 'TechDivision\ServletContainer\Exceptions\InvalidHeaderException' with message 'Found invalid request method ''' in /opt/appserver/app/code/vendor/techdivision/servletcontainer/src/TechDivision/ServletContainer/Http/HttpRequest.php:266
Stack trace:
#0 /opt/appserver/app/code/vendor/techdivision/servletcontainer/src/TechDivision/ServletContainer/Http/HttpRequest.php(191): TechDivision\ServletContainer\Http\HttpRequest->getRequestMethodInstance()
#1 /opt/appserver/app/code/vendor/techdivision/servletcontainer/src/TechDivision/ServletContainer/Socket/HttpClient.php(67): TechDivision\ServletContainer\Http\HttpRequest->initFromRawHeader('')
#2 /opt/appserver/app/code/vendor/techdivision/servletcontainer/src/TechDivision/ServletContainer/ThreadRequest.php(86): TechDivision\ServletContainer\Socket\HttpClient->receive()
#3 /opt/appserver/app/code/vendor/techdivision/appserver/src/TechDivision/ApplicationServer/AbstractThread.php(51): TechDivision\ServletContainer\ThreadRequest->main()
#4 [internal function]: TechDivision\ServletContainer\ThreadRequest->run()
#5 {main}
[23-Aug-2013 15:56:59 Europe/Berlin] exception 'TechDivision\ServletContainer\Exceptions\MethodNotImplementedException' with message 'Method TechDivision\ServletContainer\Servlets\HttpServlet::doHead is not implemented in this servlet.' in /opt/appserver/app/code/vendor/techdivision/servletcontainer/src/TechDivision/ServletContainer/Servlets/HttpServlet.php:69
Stack trace:
#0 /opt/appserver/app/code/vendor/techdivision/servletcontainer/src/TechDivision/ServletContainer/Servlets/HttpServlet.php(153): TechDivision\ApplicationServerWebsite\Servlets\SiteServlet->doHead(Object(TechDivision\ServletContainer\Http\HeadRequest), Object(TechDivision\ServletContainer\Http\HttpResponse))
#1 /opt/appserver/app/code/vendor/techdivision/servletcontainer/src/TechDivision/ServletContainer/ThreadRequest.php(102): TechDivision\ApplicationServerWebsite\Servlets\SiteServlet->service(Object(TechDivision\ServletContainer\Http\HeadRequest), Object(TechDivision\ServletContainer\Http\HttpResponse))
#2 /opt/appserver/app/code/vendor/techdivision/appserver/src/TechDivision/ApplicationServer/AbstractThread.php(51): TechDivision\ServletContainer\ThreadRequest->main()
#3 [internal function]: TechDivision\ServletContainer\ThreadRequest->run()
#4 {main}
[23-Aug-2013 15:58:19 Europe/Berlin] exception 'TechDivision\ServletContainer\Exceptions\MethodNotImplementedException' with message 'Method TechDivision\ServletContainer\Servlets\HttpServlet::doHead is not implemented in this servlet.' in /opt/appserver/app/code/vendor/techdivision/servletcontainer/src/TechDivision/ServletContainer/Servlets/HttpServlet.php:69
Stack trace:
#0 /opt/appserver/app/code/vendor/techdivision/servletcontainer/src/TechDivision/ServletContainer/Servlets/HttpServlet.php(153): TechDivision\ApplicationServerWebsite\Servlets\SiteServlet->doHead(Object(TechDivision\ServletContainer\Http\HeadRequest), Object(TechDivision\ServletContainer\Http\HttpResponse))
#1 /opt/appserver/app/code/vendor/techdivision/servletcontainer/src/TechDivision/ServletContainer/ThreadRequest.php(102): TechDivision\ApplicationServerWebsite\Servlets\SiteServlet->service(Object(TechDivision\ServletContainer\Http\HeadRequest), Object(TechDivision\ServletContainer\Http\HttpResponse))
#2 /opt/appserver/app/code/vendor/techdivision/appserver/src/TechDivision/ApplicationServer/AbstractThread.php(51): TechDivision\ServletContainer\ThreadRequest->main()
#3 [internal function]: TechDivision\ServletContainer\ThreadRequest->run()
#4 {main}
[23-Aug-2013 16:37:24 Europe/Berlin] exception 'TechDivision\ServletContainer\Exceptions\BadRequestException' with message 'Can\'t find application for 'w00tw00t.at.ISC.SANS.Win32:)'' in /opt/appserver/app/code/vendor/techdivision/servletcontainer/src/TechDivision/ServletContainer/Container.php:67
Stack trace:
#0 /opt/appserver/app/code/vendor/techdivision/servletcontainer/src/TechDivision/ServletContainer/ThreadRequest.php(187): TechDivision\ServletContainer\Container->findApplication(Object(TechDivision\ServletContainer\Http\GetRequest))
#1 /opt/appserver/app/code/vendor/techdivision/servletcontainer/src/TechDivision/ServletContainer/ThreadRequest.php(96): TechDivision\ServletContainer\ThreadRequest->findApplication(Object(TechDivision\ServletContainer\Http\GetRequest))
#2 /opt/appserver/app/code/vendor/techdivision/appserver/src/TechDivision/ApplicationServer/AbstractThread.php(51): TechDivision\ServletContainer\ThreadRequest->main()
#3 [internal function]: TechDivision\ServletContainer\ThreadRequest->run()
#4 {main}
[23-Aug-2013 16:50:50 Europe/Berlin] exception 'TechDivision\ServletContainer\Exceptions\BadRequestException' with message 'Can\'t find application for 'downloads'' in /opt/appserver/app/code/vendor/techdivision/servletcontainer/src/TechDivision/ServletContainer/Container.php:67
Stack trace:
#0 /opt/appserver/app/code/vendor/techdivision/servletcontainer/src/TechDivision/ServletContainer/ThreadRequest.php(187): TechDivision\ServletContainer\Container->findApplication(Object(TechDivision\ServletContainer\Http\GetRequest))
#1 /opt/appserver/app/code/vendor/techdivision/servletcontainer/src/TechDivision/ServletContainer/ThreadRequest.php(96): TechDivision\ServletContainer\ThreadRequest->findApplication(Object(TechDivision\ServletContainer\Http\GetRequest))
#2 /opt/appserver/app/code/vendor/techdivision/appserver/src/TechDivision/ApplicationServer/AbstractThread.php(51): TechDivision\ServletContainer\ThreadRequest->main()
#3 [internal function]: TechDivision\ServletContainer\ThreadRequest->run()
#4 {main}
[23-Aug-2013 18:27:58 Europe/Berlin] exception 'TechDivision\ServletContainer\Exceptions\InvalidHeaderException' with message 'Found invalid request method ''' in /opt/appserver/app/code/vendor/techdivision/servletcontainer/src/TechDivision/ServletContainer/Http/HttpRequest.php:266
Stack trace:
#0 /opt/appserver/app/code/vendor/techdivision/servletcontainer/src/TechDivision/ServletContainer/Http/HttpRequest.php(191): TechDivision\ServletContainer\Http\HttpRequest->getRequestMethodInstance()
#1 /opt/appserver/app/code/vendor/techdivision/servletcontainer/src/TechDivision/ServletContainer/Socket/HttpClient.php(67): TechDivision\ServletContainer\Http\HttpRequest->initFromRawHeader('')
#2 /opt/appserver/app/code/vendor/techdivision/servletcontainer/src/TechDivision/ServletContainer/ThreadRequest.php(86): TechDivision\ServletContainer\Socket\HttpClient->receive()
#3 /opt/appserver/app/code/vendor/techdivision/appserver/src/TechDivision/ApplicationServer/AbstractThread.php(51): TechDivision\ServletContainer\ThreadRequest->main()
#4 [internal function]: TechDivision\ServletContainer\ThreadRequest->run()
#5 {main}
[23-Aug-2013 20:44:13 Europe/Berlin] exception 'TechDivision\ServletContainer\Exceptions\InvalidHeaderException' with message 'Found invalid request method ''' in /opt/appserver/app/code/vendor/techdivision/servletcontainer/src/TechDivision/ServletContainer/Http/HttpRequest.php:266
Stack trace:
#0 /opt/appserver/app/code/vendor/techdivision/servletcontainer/src/TechDivision/ServletContainer/Http/HttpRequest.php(191): TechDivision\ServletContainer\Http\HttpRequest->getRequestMethodInstance()
#1 /opt/appserver/app/code/vendor/techdivision/servletcontainer/src/TechDivision/ServletContainer/Socket/HttpClient.php(67): TechDivision\ServletContainer\Http\HttpRequest->initFromRawHeader('')
#2 /opt/appserver/app/code/vendor/techdivision/servletcontainer/src/TechDivision/ServletContainer/ThreadRequest.php(86): TechDivision\ServletContainer\Socket\HttpClient->receive()
#3 /opt/appserver/app/code/vendor/techdivision/appserver/src/TechDivision/ApplicationServer/AbstractThread.php(51): TechDivision\ServletContainer\ThreadRequest->main()
#4 [internal function]: TechDivision\ServletContainer\ThreadRequest->run()
#5 {main}
[23-Aug-2013 22:42:28 Europe/Berlin] exception 'TechDivision\ServletContainer\Exceptions\InvalidHeaderException' with message 'Found invalid request method ''' in /opt/appserver/app/code/vendor/techdivision/servletcontainer/src/TechDivision/ServletContainer/Http/HttpRequest.php:266
Stack trace:
#0 /opt/appserver/app/code/vendor/techdivision/servletcontainer/src/TechDivision/ServletContainer/Http/HttpRequest.php(191): TechDivision\ServletContainer\Http\HttpRequest->getRequestMethodInstance()
#1 /opt/appserver/app/code/vendor/techdivision/servletcontainer/src/TechDivision/ServletContainer/Socket/HttpClient.php(67): TechDivision\ServletContainer\Http\HttpRequest->initFromRawHeader('')
#2 /opt/appserver/app/code/vendor/techdivision/servletcontainer/src/TechDivision/ServletContainer/ThreadRequest.php(86): TechDivision\ServletContainer\Socket\HttpClient->receive()
#3 /opt/appserver/app/code/vendor/techdivision/appserver/src/TechDivision/ApplicationServer/AbstractThread.php(51): TechDivision\ServletContainer\ThreadRequest->main()
#4 [internal function]: TechDivision\ServletContainer\ThreadRequest->run()
#5 {main}
[23-Aug-2013 22:42:28 Europe/Berlin] exception 'TechDivision\ServletContainer\Exceptions\InvalidHeaderException' with message 'Found invalid request method ''' in /opt/appserver/app/code/vendor/techdivision/servletcontainer/src/TechDivision/ServletContainer/Http/HttpRequest.php:266
Stack trace:
#0 /opt/appserver/app/code/vendor/techdivision/servletcontainer/src/TechDivision/ServletContainer/Http/HttpRequest.php(191): TechDivision\ServletContainer\Http\HttpRequest->getRequestMethodInstance()
#1 /opt/appserver/app/code/vendor/techdivision/servletcontainer/src/TechDivision/ServletContainer/Socket/HttpClient.php(67): TechDivision\ServletContainer\Http\HttpRequest->initFromRawHeader('')
#2 /opt/appserver/app/code/vendor/techdivision/servletcontainer/src/TechDivision/ServletContainer/ThreadRequest.php(86): TechDivision\ServletContainer\Socket\HttpClient->receive()
#3 /opt/appserver/app/code/vendor/techdivision/appserver/src/TechDivision/ApplicationServer/AbstractThread.php(51): TechDivision\ServletContainer\ThreadRequest->main()
#4 [internal function]: TechDivision\ServletContainer\ThreadRequest->run()
#5 {main}
[23-Aug-2013 22:47:12 Europe/Berlin] exception 'TechDivision\ServletContainer\Exceptions\InvalidHeaderException' with message 'Found invalid request method ''' in /opt/appserver/app/code/vendor/techdivision/servletcontainer/src/TechDivision/ServletContainer/Http/HttpRequest.php:266
Stack trace:
#0 /opt/appserver/app/code/vendor/techdivision/servletcontainer/src/TechDivision/ServletContainer/Http/HttpRequest.php(191): TechDivision\ServletContainer\Http\HttpRequest->getRequestMethodInstance()
#1 /opt/appserver/app/code/vendor/techdivision/servletcontainer/src/TechDivision/ServletContainer/Socket/HttpClient.php(67): TechDivision\ServletContainer\Http\HttpRequest->initFromRawHeader('')
#2 /opt/appserver/app/code/vendor/techdivision/servletcontainer/src/TechDivision/ServletContainer/ThreadRequest.php(86): TechDivision\ServletContainer\Socket\HttpClient->receive()
#3 /opt/appserver/app/code/vendor/techdivision/appserver/src/TechDivision/ApplicationServer/AbstractThread.php(51): TechDivision\ServletContainer\ThreadRequest->main()
#4 [internal function]: TechDivision\ServletContainer\ThreadRequest->run()
#5 {main}
[23-Aug-2013 22:47:12 Europe/Berlin] exception 'TechDivision\ServletContainer\Exceptions\InvalidHeaderException' with message 'Found invalid request method ''' in /opt/appserver/app/code/vendor/techdivision/servletcontainer/src/TechDivision/ServletContainer/Http/HttpRequest.php:266
Stack trace:
#0 /opt/appserver/app/code/vendor/techdivision/servletcontainer/src/TechDivision/ServletContainer/Http/HttpRequest.php(191): TechDivision\ServletContainer\Http\HttpRequest->getRequestMethodInstance()
#1 /opt/appserver/app/code/vendor/techdivision/servletcontainer/src/TechDivision/ServletContainer/Socket/HttpClient.php(67): TechDivision\ServletContainer\Http\HttpRequest->initFromRawHeader('')
#2 /opt/appserver/app/code/vendor/techdivision/servletcontainer/src/TechDivision/ServletContainer/ThreadRequest.php(86): TechDivision\ServletContainer\Socket\HttpClient->receive()
#3 /opt/appserver/app/code/vendor/techdivision/appserver/src/TechDivision/ApplicationServer/AbstractThread.php(51): TechDivision\ServletContainer\ThreadRequest->main()
#4 [internal function]: TechDivision\ServletContainer\ThreadRequest->run()
#5 {main}
[23-Aug-2013 22:47:12 Europe/Berlin] exception 'TechDivision\ServletContainer\Exceptions\InvalidHeaderException' with message 'Found invalid request method ''' in /opt/appserver/app/code/vendor/techdivision/servletcontainer/src/TechDivision/ServletContainer/Http/HttpRequest.php:266
Stack trace:
#0 /opt/appserver/app/code/vendor/techdivision/servletcontainer/src/TechDivision/ServletContainer/Http/HttpRequest.php(191): TechDivision\ServletContainer\Http\HttpRequest->getRequestMethodInstance()
#1 /opt/appserver/app/code/vendor/techdivision/servletcontainer/src/TechDivision/ServletContainer/Socket/HttpClient.php(67): TechDivision\ServletContainer\Http\HttpRequest->initFromRawHeader('')
#2 /opt/appserver/app/code/vendor/techdivision/servletcontainer/src/TechDivision/ServletContainer/ThreadRequest.php(86): TechDivision\ServletContainer\Socket\HttpClient->receive()
#3 /opt/appserver/app/code/vendor/techdivision/appserver/src/TechDivision/ApplicationServer/AbstractThread.php(51): TechDivision\ServletContainer\ThreadRequest->main()
#4 [internal function]: TechDivision\ServletContainer\ThreadRequest->run()
#5 {main}
[23-Aug-2013 22:59:02 Europe/Berlin] exception 'TechDivision\ServletContainer\Exceptions\InvalidHeaderException' with message 'Found invalid request method ''' in /opt/appserver/app/code/vendor/techdivision/servletcontainer/src/TechDivision/ServletContainer/Http/HttpRequest.php:266
Stack trace:
#0 /opt/appserver/app/code/vendor/techdivision/servletcontainer/src/TechDivision/ServletContainer/Http/HttpRequest.php(191): TechDivision\ServletContainer\Http\HttpRequest->getRequestMethodInstance()
#1 /opt/appserver/app/code/vendor/techdivision/servletcontainer/src/TechDivision/ServletContainer/Socket/HttpClient.php(67): TechDivision\ServletContainer\Http\HttpRequest->initFromRawHeader('')
#2 /opt/appserver/app/code/vendor/techdivision/servletcontainer/src/TechDivision/ServletContainer/ThreadRequest.php(86): TechDivision\ServletContainer\Socket\HttpClient->receive()
#3 /opt/appserver/app/code/vendor/techdivision/appserver/src/TechDivision/ApplicationServer/AbstractThread.php(51): TechDivision\ServletContainer\ThreadRequest->main()
#4 [internal function]: TechDivision\ServletContainer\ThreadRequest->run()
#5 {main}
[23-Aug-2013 22:59:10 Europe/Berlin] exception 'TechDivision\ServletContainer\Exceptions\InvalidHeaderException' with message 'Found invalid request method ''' in /opt/appserver/app/code/vendor/techdivision/servletcontainer/src/TechDivision/ServletContainer/Http/HttpRequest.php:266
Stack trace:
#0 /opt/appserver/app/code/vendor/techdivision/servletcontainer/src/TechDivision/ServletContainer/Http/HttpRequest.php(191): TechDivision\ServletContainer\Http\HttpRequest->getRequestMethodInstance()
#1 /opt/appserver/app/code/vendor/techdivision/servletcontainer/src/TechDivision/ServletContainer/Socket/HttpClient.php(67): TechDivision\ServletContainer\Http\HttpRequest->initFromRawHeader('')
#2 /opt/appserver/app/code/vendor/techdivision/servletcontainer/src/TechDivision/ServletContainer/ThreadRequest.php(86): TechDivision\ServletContainer\Socket\HttpClient->receive()
#3 /opt/appserver/app/code/vendor/techdivision/appserver/src/TechDivision/ApplicationServer/AbstractThread.php(51): TechDivision\ServletContainer\ThreadRequest->main()
#4 [internal function]: TechDivision\ServletContainer\ThreadRequest->run()
#5 {main}
[23-Aug-2013 22:59:10 Europe/Berlin] exception 'TechDivision\ServletContainer\Exceptions\InvalidHeaderException' with message 'Found invalid request method ''' in /opt/appserver/app/code/vendor/techdivision/servletcontainer/src/TechDivision/ServletContainer/Http/HttpRequest.php:266
Stack trace:
#0 /opt/appserver/app/code/vendor/techdivision/servletcontainer/src/TechDivision/ServletContainer/Http/HttpRequest.php(191): TechDivision\ServletContainer\Http\HttpRequest->getRequestMethodInstance()
#1 /opt/appserver/app/code/vendor/techdivision/servletcontainer/src/TechDivision/ServletContainer/Socket/HttpClient.php(67): TechDivision\ServletContainer\Http\HttpRequest->initFromRawHeader('')
#2 /opt/appserver/app/code/vendor/techdivision/servletcontainer/src/TechDivision/ServletContainer/ThreadRequest.php(86): TechDivision\ServletContainer\Socket\HttpClient->receive()
#3 /opt/appserver/app/code/vendor/techdivision/appserver/src/TechDivision/ApplicationServer/AbstractThread.php(51): TechDivision\ServletContainer\ThreadRequest->main()
#4 [internal function]: TechDivision\ServletContainer\ThreadRequest->run()
#5 {main}
[23-Aug-2013 22:59:10 Europe/Berlin] exception 'TechDivision\ServletContainer\Exceptions\InvalidHeaderException' with message 'Found invalid request method ''' in /opt/appserver/app/code/vendor/techdivision/servletcontainer/src/TechDivision/ServletContainer/Http/HttpRequest.php:266
Stack trace:
#0 /opt/appserver/app/code/vendor/techdivision/servletcontainer/src/TechDivision/ServletContainer/Http/HttpRequest.php(191): TechDivision\ServletContainer\Http\HttpRequest->getRequestMethodInstance()
#1 /opt/appserver/app/code/vendor/techdivision/servletcontainer/src/TechDivision/ServletContainer/Socket/HttpClient.php(67): TechDivision\ServletContainer\Http\HttpRequest->initFromRawHeader('')
#2 /opt/appserver/app/code/vendor/techdivision/servletcontainer/src/TechDivision/ServletContainer/ThreadRequest.php(86): TechDivision\ServletContainer\Socket\HttpClient->receive()
#3 /opt/appserver/app/code/vendor/techdivision/appserver/src/TechDivision/ApplicationServer/AbstractThread.php(51): TechDivision\ServletContainer\ThreadRequest->main()
#4 [internal function]: TechDivision\ServletContainer\ThreadRequest->run()
#5 {main}
[23-Aug-2013 22:59:16 Europe/Berlin] exception 'TechDivision\ServletContainer\Exceptions\InvalidHeaderException' with message 'Found invalid request method ''' in /opt/appserver/app/code/vendor/techdivision/servletcontainer/src/TechDivision/ServletContainer/Http/HttpRequest.php:266
Stack trace:
#0 /opt/appserver/app/code/vendor/techdivision/servletcontainer/src/TechDivision/ServletContainer/Http/HttpRequest.php(191): TechDivision\ServletContainer\Http\HttpRequest->getRequestMethodInstance()
#1 /opt/appserver/app/code/vendor/techdivision/servletcontainer/src/TechDivision/ServletContainer/Socket/HttpClient.php(67): TechDivision\ServletContainer\Http\HttpRequest->initFromRawHeader('')
#2 /opt/appserver/app/code/vendor/techdivision/servletcontainer/src/TechDivision/ServletContainer/ThreadRequest.php(86): TechDivision\ServletContainer\Socket\HttpClient->receive()
#3 /opt/appserver/app/code/vendor/techdivision/appserver/src/TechDivision/ApplicationServer/AbstractThread.php(51): TechDivision\ServletContainer\ThreadRequest->main()
#4 [internal function]: TechDivision\ServletContainer\ThreadRequest->run()
#5 {main}
[23-Aug-2013 23:52:53 Europe/Berlin] exception 'TechDivision\ServletContainer\Exceptions\InvalidHeaderException' with message 'Found invalid request method ''' in /opt/appserver/app/code/vendor/techdivision/servletcontainer/src/TechDivision/ServletContainer/Http/HttpRequest.php:266
Stack trace:
#0 /opt/appserver/app/code/vendor/techdivision/servletcontainer/src/TechDivision/ServletContainer/Http/HttpRequest.php(191): TechDivision\ServletContainer\Http\HttpRequest->getRequestMethodInstance()
#1 /opt/appserver/app/code/vendor/techdivision/servletcontainer/src/TechDivision/ServletContainer/Socket/HttpClient.php(67): TechDivision\ServletContainer\Http\HttpRequest->initFromRawHeader('')
#2 /opt/appserver/app/code/vendor/techdivision/servletcontainer/src/TechDivision/ServletContainer/ThreadRequest.php(86): TechDivision\ServletContainer\Socket\HttpClient->receive()
#3 /opt/appserver/app/code/vendor/techdivision/appserver/src/TechDivision/ApplicationServer/AbstractThread.php(51): TechDivision\ServletContainer\ThreadRequest->main()
#4 [internal function]: TechDivision\ServletContainer\ThreadRequest->run()
#5 {main}
[23-Aug-2013 23:52:53 Europe/Berlin] exception 'TechDivision\ServletContainer\Exceptions\InvalidHeaderException' with message 'Found invalid request method ''' in /opt/appserver/app/code/vendor/techdivision/servletcontainer/src/TechDivision/ServletContainer/Http/HttpRequest.php:266
Stack trace:
#0 /opt/appserver/app/code/vendor/techdivision/servletcontainer/src/TechDivision/ServletContainer/Http/HttpRequest.php(191): TechDivision\ServletContainer\Http\HttpRequest->getRequestMethodInstance()
#1 /opt/appserver/app/code/vendor/techdivision/servletcontainer/src/TechDivision/ServletContainer/Socket/HttpClient.php(67): TechDivision\ServletContainer\Http\HttpRequest->initFromRawHeader('')
#2 /opt/appserver/app/code/vendor/techdivision/servletcontainer/src/TechDivision/ServletContainer/ThreadRequest.php(86): TechDivision\ServletContainer\Socket\HttpClient->receive()
#3 /opt/appserver/app/code/vendor/techdivision/appserver/src/TechDivision/ApplicationServer/AbstractThread.php(51): TechDivision\ServletContainer\ThreadRequest->main()
#4 [internal function]: TechDivision\ServletContainer\ThreadRequest->run()
#5 {main}
[24-Aug-2013 00:11:33 Europe/Berlin] exception 'TechDivision\ServletContainer\Exceptions\BadRequestException' with message 'Can\'t find application for 'w00tw00t.at.ISC.SANS.Win32:)'' in /opt/appserver/app/code/vendor/techdivision/servletcontainer/src/TechDivision/ServletContainer/Container.php:67
Stack trace:
#0 /opt/appserver/app/code/vendor/techdivision/servletcontainer/src/TechDivision/ServletContainer/ThreadRequest.php(187): TechDivision\ServletContainer\Container->findApplication(Object(TechDivision\ServletContainer\Http\GetRequest))
#1 /opt/appserver/app/code/vendor/techdivision/servletcontainer/src/TechDivision/ServletContainer/ThreadRequest.php(96): TechDivision\ServletContainer\ThreadRequest->findApplication(Object(TechDivision\ServletContainer\Http\GetRequest))
#2 /opt/appserver/app/code/vendor/techdivision/appserver/src/TechDivision/ApplicationServer/AbstractThread.php(51): TechDivision\ServletContainer\ThreadRequest->main()
#3 [internal function]: TechDivision\ServletContainer\ThreadRequest->run()
#4 {main}
[24-Aug-2013 07:52:39 Europe/Berlin] exception 'TechDivision\ServletContainer\Exceptions\BadRequestException' with message 'Can\'t find application for 'phppath'' in /opt/appserver/app/code/vendor/techdivision/servletcontainer/src/TechDivision/ServletContainer/Container.php:67
Stack trace:
#0 /opt/appserver/app/code/vendor/techdivision/servletcontainer/src/TechDivision/ServletContainer/ThreadRequest.php(187): TechDivision\ServletContainer\Container->findApplication(Object(TechDivision\ServletContainer\Http\GetRequest))
#1 /opt/appserver/app/code/vendor/techdivision/servletcontainer/src/TechDivision/ServletContainer/ThreadRequest.php(96): TechDivision\ServletContainer\ThreadRequest->findApplication(Object(TechDivision\ServletContainer\Http\GetRequest))
#2 /opt/appserver/app/code/vendor/techdivision/appserver/src/TechDivision/ApplicationServer/AbstractThread.php(51): TechDivision\ServletContainer\ThreadRequest->main()
#3 [internal function]: TechDivision\ServletContainer\ThreadRequest->run()
#4 {main}
[24-Aug-2013 09:28:55 Europe/Berlin] exception 'TechDivision\ServletContainer\Exceptions\BadRequestException' with message 'Can\'t find application for 'w00tw00t.at.ISC.SANS.Win32:)'' in /opt/appserver/app/code/vendor/techdivision/servletcontainer/src/TechDivision/ServletContainer/Container.php:67
Stack trace:
#0 /opt/appserver/app/code/vendor/techdivision/servletcontainer/src/TechDivision/ServletContainer/ThreadRequest.php(187): TechDivision\ServletContainer\Container->findApplication(Object(TechDivision\ServletContainer\Http\GetRequest))
#1 /opt/appserver/app/code/vendor/techdivision/servletcontainer/src/TechDivision/ServletContainer/ThreadRequest.php(96): TechDivision\ServletContainer\ThreadRequest->findApplication(Object(TechDivision\ServletContainer\Http\GetRequest))
#2 /opt/appserver/app/code/vendor/techdivision/appserver/src/TechDivision/ApplicationServer/AbstractThread.php(51): TechDivision\ServletContainer\ThreadRequest->main()
#3 [internal function]: TechDivision\ServletContainer\ThreadRequest->run()
#4 {main}
[24-Aug-2013 09:29:46 Europe/Berlin] exception 'TechDivision\ServletContainer\Exceptions\MethodNotImplementedException' with message 'Method TechDivision\ServletContainer\Servlets\HttpServlet::doHead is not implemented in this servlet.' in /opt/appserver/app/code/vendor/techdivision/servletcontainer/src/TechDivision/ServletContainer/Servlets/HttpServlet.php:69
Stack trace:
#0 /opt/appserver/app/code/vendor/techdivision/servletcontainer/src/TechDivision/ServletContainer/Servlets/HttpServlet.php(153): TechDivision\ApplicationServerWebsite\Servlets\SiteServlet->doHead(Object(TechDivision\ServletContainer\Http\HeadRequest), Object(TechDivision\ServletContainer\Http\HttpResponse))
#1 /opt/appserver/app/code/vendor/techdivision/servletcontainer/src/TechDivision/ServletContainer/ThreadRequest.php(102): TechDivision\ApplicationServerWebsite\Servlets\SiteServlet->service(Object(TechDivision\ServletContainer\Http\HeadRequest), Object(TechDivision\ServletContainer\Http\HttpResponse))
#2 /opt/appserver/app/code/vendor/techdivision/appserver/src/TechDivision/ApplicationServer/AbstractThread.php(51): TechDivision\ServletContainer\ThreadRequest->main()
#3 [internal function]: TechDivision\ServletContainer\ThreadRequest->run()
#4 {main}
[24-Aug-2013 09:29:46 Europe/Berlin] exception 'TechDivision\ServletContainer\Exceptions\MethodNotImplementedException' with message 'Method TechDivision\ServletContainer\Servlets\HttpServlet::doHead is not implemented in this servlet.' in /opt/appserver/app/code/vendor/techdivision/servletcontainer/src/TechDivision/ServletContainer/Servlets/HttpServlet.php:69
Stack trace:
#0 /opt/appserver/app/code/vendor/techdivision/servletcontainer/src/TechDivision/ServletContainer/Servlets/HttpServlet.php(153): TechDivision\ApplicationServerWebsite\Servlets\SiteServlet->doHead(Object(TechDivision\ServletContainer\Http\HeadRequest), Object(TechDivision\ServletContainer\Http\HttpResponse))
#1 /opt/appserver/app/code/vendor/techdivision/servletcontainer/src/TechDivision/ServletContainer/ThreadRequest.php(102): TechDivision\ApplicationServerWebsite\Servlets\SiteServlet->service(Object(TechDivision\ServletContainer\Http\HeadRequest), Object(TechDivision\ServletContainer\Http\HttpResponse))
#2 /opt/appserver/app/code/vendor/techdivision/appserver/src/TechDivision/ApplicationServer/AbstractThread.php(51): TechDivision\ServletContainer\ThreadRequest->main()
#3 [internal function]: TechDivision\ServletContainer\ThreadRequest->run()
#4 {main}
[24-Aug-2013 11:45:20 Europe/Berlin] exception 'TechDivision\ServletContainer\Exceptions\InvalidHeaderException' with message 'Found invalid request method ''' in /opt/appserver/app/code/vendor/techdivision/servletcontainer/src/TechDivision/ServletContainer/Http/HttpRequest.php:266
Stack trace:
#0 /opt/appserver/app/code/vendor/techdivision/servletcontainer/src/TechDivision/ServletContainer/Http/HttpRequest.php(191): TechDivision\ServletContainer\Http\HttpRequest->getRequestMethodInstance()
#1 /opt/appserver/app/code/vendor/techdivision/servletcontainer/src/TechDivision/ServletContainer/Socket/HttpClient.php(67): TechDivision\ServletContainer\Http\HttpRequest->initFromRawHeader('')
#2 /opt/appserver/app/code/vendor/techdivision/servletcontainer/src/TechDivision/ServletContainer/ThreadRequest.php(86): TechDivision\ServletContainer\Socket\HttpClient->receive()
#3 /opt/appserver/app/code/vendor/techdivision/appserver/src/TechDivision/ApplicationServer/AbstractThread.php(51): TechDivision\ServletContainer\ThreadRequest->main()
#4 [internal function]: TechDivision\ServletContainer\ThreadRequest->run()
#5 {main}
[24-Aug-2013 11:45:20 Europe/Berlin] exception 'TechDivision\ServletContainer\Exceptions\InvalidHeaderException' with message 'Found invalid request method ''' in /opt/appserver/app/code/vendor/techdivision/servletcontainer/src/TechDivision/ServletContainer/Http/HttpRequest.php:266
Stack trace:
#0 /opt/appserver/app/code/vendor/techdivision/servletcontainer/src/TechDivision/ServletContainer/Http/HttpRequest.php(191): TechDivision\ServletContainer\Http\HttpRequest->getRequestMethodInstance()
#1 /opt/appserver/app/code/vendor/techdivision/servletcontainer/src/TechDivision/ServletContainer/Socket/HttpClient.php(67): TechDivision\ServletContainer\Http\HttpRequest->initFromRawHeader('')
#2 /opt/appserver/app/code/vendor/techdivision/servletcontainer/src/TechDivision/ServletContainer/ThreadRequest.php(86): TechDivision\ServletContainer\Socket\HttpClient->receive()
#3 /opt/appserver/app/code/vendor/techdivision/appserver/src/TechDivision/ApplicationServer/AbstractThread.php(51): TechDivision\ServletContainer\ThreadRequest->main()
#4 [internal function]: TechDivision\ServletContainer\ThreadRequest->run()
#5 {main}
[24-Aug-2013 11:45:20 Europe/Berlin] exception 'TechDivision\ServletContainer\Exceptions\InvalidHeaderException' with message 'Found invalid request method ''' in /opt/appserver/app/code/vendor/techdivision/servletcontainer/src/TechDivision/ServletContainer/Http/HttpRequest.php:266
Stack trace:
#0 /opt/appserver/app/code/vendor/techdivision/servletcontainer/src/TechDivision/ServletContainer/Http/HttpRequest.php(191): TechDivision\ServletContainer\Http\HttpRequest->getRequestMethodInstance()
#1 /opt/appserver/app/code/vendor/techdivision/servletcontainer/src/TechDivision/ServletContainer/Socket/HttpClient.php(67): TechDivision\ServletContainer\Http\HttpRequest->initFromRawHeader('')
#2 /opt/appserver/app/code/vendor/techdivision/servletcontainer/src/TechDivision/ServletContainer/ThreadRequest.php(86): TechDivision\ServletContainer\Socket\HttpClient->receive()
#3 /opt/appserver/app/code/vendor/techdivision/appserver/src/TechDivision/ApplicationServer/AbstractThread.php(51): TechDivision\ServletContainer\ThreadRequest->main()
#4 [internal function]: TechDivision\ServletContainer\ThreadRequest->run()
#5 {main}
[24-Aug-2013 12:12:40 Europe/Berlin] exception 'TechDivision\ServletContainer\Exceptions\InvalidHeaderException' with message 'Found invalid request method ''' in /opt/appserver/app/code/vendor/techdivision/servletcontainer/src/TechDivision/ServletContainer/Http/HttpRequest.php:266
Stack trace:
#0 /opt/appserver/app/code/vendor/techdivision/servletcontainer/src/TechDivision/ServletContainer/Http/HttpRequest.php(191): TechDivision\ServletContainer\Http\HttpRequest->getRequestMethodInstance()
#1 /opt/appserver/app/code/vendor/techdivision/servletcontainer/src/TechDivision/ServletContainer/Socket/HttpClient.php(67): TechDivision\ServletContainer\Http\HttpRequest->initFromRawHeader('')
#2 /opt/appserver/app/code/vendor/techdivision/servletcontainer/src/TechDivision/ServletContainer/ThreadRequest.php(86): TechDivision\ServletContainer\Socket\HttpClient->receive()
#3 /opt/appserver/app/code/vendor/techdivision/appserver/src/TechDivision/ApplicationServer/AbstractThread.php(51): TechDivision\ServletContainer\ThreadRequest->main()
#4 [internal function]: TechDivision\ServletContainer\ThreadRequest->run()
#5 {main}
[24-Aug-2013 12:46:28 Europe/Berlin] exception 'TechDivision\ServletContainer\Exceptions\InvalidHeaderException' with message 'Found invalid request method ''' in /opt/appserver/app/code/vendor/techdivision/servletcontainer/src/TechDivision/ServletContainer/Http/HttpRequest.php:266
Stack trace:
#0 /opt/appserver/app/code/vendor/techdivision/servletcontainer/src/TechDivision/ServletContainer/Http/HttpRequest.php(191): TechDivision\ServletContainer\Http\HttpRequest->getRequestMethodInstance()
#1 /opt/appserver/app/code/vendor/techdivision/servletcontainer/src/TechDivision/ServletContainer/Socket/HttpClient.php(67): TechDivision\ServletContainer\Http\HttpRequest->initFromRawHeader('')
#2 /opt/appserver/app/code/vendor/techdivision/servletcontainer/src/TechDivision/ServletContainer/ThreadRequest.php(86): TechDivision\ServletContainer\Socket\HttpClient->receive()
#3 /opt/appserver/app/code/vendor/techdivision/appserver/src/TechDivision/ApplicationServer/AbstractThread.php(51): TechDivision\ServletContainer\ThreadRequest->main()
#4 [internal function]: TechDivision\ServletContainer\ThreadRequest->run()
#5 {main}
[24-Aug-2013 15:39:36 Europe/Berlin] exception 'TechDivision\ServletContainer\Exceptions\InvalidHeaderException' with message 'Found invalid request method ''' in /opt/appserver/app/code/vendor/techdivision/servletcontainer/src/TechDivision/ServletContainer/Http/HttpRequest.php:266
Stack trace:
#0 /opt/appserver/app/code/vendor/techdivision/servletcontainer/src/TechDivision/ServletContainer/Http/HttpRequest.php(191): TechDivision\ServletContainer\Http\HttpRequest->getRequestMethodInstance()
#1 /opt/appserver/app/code/vendor/techdivision/servletcontainer/src/TechDivision/ServletContainer/Socket/HttpClient.php(67): TechDivision\ServletContainer\Http\HttpRequest->initFromRawHeader('')
#2 /opt/appserver/app/code/vendor/techdivision/servletcontainer/src/TechDivision/ServletContainer/ThreadRequest.php(86): TechDivision\ServletContainer\Socket\HttpClient->receive()
#3 /opt/appserver/app/code/vendor/techdivision/appserver/src/TechDivision/ApplicationServer/AbstractThread.php(51): TechDivision\ServletContainer\ThreadRequest->main()
#4 [internal function]: TechDivision\ServletContainer\ThreadRequest->run()
#5 {main}
[24-Aug-2013 15:39:36 Europe/Berlin] exception 'TechDivision\ServletContainer\Exceptions\InvalidHeaderException' with message 'Found invalid request method ''' in /opt/appserver/app/code/vendor/techdivision/servletcontainer/src/TechDivision/ServletContainer/Http/HttpRequest.php:266
Stack trace:
#0 /opt/appserver/app/code/vendor/techdivision/servletcontainer/src/TechDivision/ServletContainer/Http/HttpRequest.php(191): TechDivision\ServletContainer\Http\HttpRequest->getRequestMethodInstance()
#1 /opt/appserver/app/code/vendor/techdivision/servletcontainer/src/TechDivision/ServletContainer/Socket/HttpClient.php(67): TechDivision\ServletContainer\Http\HttpRequest->initFromRawHeader('')
#2 /opt/appserver/app/code/vendor/techdivision/servletcontainer/src/TechDivision/ServletContainer/ThreadRequest.php(86): TechDivision\ServletContainer\Socket\HttpClient->receive()
#3 /opt/appserver/app/code/vendor/techdivision/appserver/src/TechDivision/ApplicationServer/AbstractThread.php(51): TechDivision\ServletContainer\ThreadRequest->main()
#4 [internal function]: TechDivision\ServletContainer\ThreadRequest->run()
#5 {main}
[24-Aug-2013 18:00:10 Europe/Berlin] exception 'TechDivision\ServletContainer\Exceptions\BadRequestException' with message 'Can\'t find application for 'w00tw00t.at.ISC.SANS.Win32:)'' in /opt/appserver/app/code/vendor/techdivision/servletcontainer/src/TechDivision/ServletContainer/Container.php:67
Stack trace:
#0 /opt/appserver/app/code/vendor/techdivision/servletcontainer/src/TechDivision/ServletContainer/ThreadRequest.php(187): TechDivision\ServletContainer\Container->findApplication(Object(TechDivision\ServletContainer\Http\GetRequest))
#1 /opt/appserver/app/code/vendor/techdivision/servletcontainer/src/TechDivision/ServletContainer/ThreadRequest.php(96): TechDivision\ServletContainer\ThreadRequest->findApplication(Object(TechDivision\ServletContainer\Http\GetRequest))
#2 /opt/appserver/app/code/vendor/techdivision/appserver/src/TechDivision/ApplicationServer/AbstractThread.php(51): TechDivision\ServletContainer\ThreadRequest->main()
#3 [internal function]: TechDivision\ServletContainer\ThreadRequest->run()
#4 {main}
[24-Aug-2013 19:37:20 Europe/Berlin] exception 'TechDivision\ServletContainer\Exceptions\InvalidHeaderException' with message 'Found invalid request method ''' in /opt/appserver/app/code/vendor/techdivision/servletcontainer/src/TechDivision/ServletContainer/Http/HttpRequest.php:266
Stack trace:
#0 /opt/appserver/app/code/vendor/techdivision/servletcontainer/src/TechDivision/ServletContainer/Http/HttpRequest.php(191): TechDivision\ServletContainer\Http\HttpRequest->getRequestMethodInstance()
#1 /opt/appserver/app/code/vendor/techdivision/servletcontainer/src/TechDivision/ServletContainer/Socket/HttpClient.php(67): TechDivision\ServletContainer\Http\HttpRequest->initFromRawHeader('')
#2 /opt/appserver/app/code/vendor/techdivision/servletcontainer/src/TechDivision/ServletContainer/ThreadRequest.php(86): TechDivision\ServletContainer\Socket\HttpClient->receive()
#3 /opt/appserver/app/code/vendor/techdivision/appserver/src/TechDivision/ApplicationServer/AbstractThread.php(51): TechDivision\ServletContainer\ThreadRequest->main()
#4 [internal function]: TechDivision\ServletContainer\ThreadRequest->run()
#5 {main}
[24-Aug-2013 21:15:52 Europe/Berlin] PHP   5. TechDivision\ApplicationServer\InitialContext->newReflectionClass() /opt/appserver/app/code/vendor/techdivision/appserver/src/TechDivision/ApplicationServer/InitialContext.php:147
[24-Aug-2013 21:15:52 Europe/Berlin] PHP   6. ReflectionClass->__construct() /opt/appserver/app/code/vendor/techdivision/appserver/src/TechDivision/ApplicationServer/InitialContext.php:130
[24-Aug-2013 21:15:52 Europe/Berlin] PHP   7. spl_autoload_call() /opt/appserver/app/code/vendor/techdivision/appserver/src/TechDivision/ApplicationServer/InitialContext.php:130
[24-Aug-2013 21:15:52 Europe/Berlin] PHP   8. TechDivision\ApplicationServer\SplClassLoader->loadClass() /opt/appserver/app/code/vendor/techdivision/appserver/src/TechDivision/ApplicationServer/InitialContext.php:0
[24-Aug-2013 21:15:52 Europe/Berlin] PHP   3. TechDivision\ServletContainer\ThreadRequest->newInstance() /opt/appserver/app/code/vendor/techdivision/servletcontainer/src/TechDivision/ServletContainer/ThreadRequest.php:73
[24-Aug-2013 21:15:52 Europe/Berlin] PHP   4. TechDivision\ApplicationServer\InitialContext->newInstance() /opt/appserver/app/code/vendor/techdivision/appserver/src/TechDivision/ApplicationServer/AbstractContextThread.php:71
[24-Aug-2013 21:15:52 Europe/Berlin] PHP   5. TechDivision\ApplicationServer\InitialContext->newReflectionClass() /opt/appserver/app/code/vendor/techdivision/appserver/src/TechDivision/ApplicationServer/InitialContext.php:147
[24-Aug-2013 21:15:52 Europe/Berlin] PHP   6. ReflectionClass->__construct() /opt/appserver/app/code/vendor/techdivision/appserver/src/TechDivision/ApplicationServer/InitialContext.php:130
[24-Aug-2013 21:15:52 Europe/Berlin] PHP   7. spl_autoload_call() /opt/appserver/app/code/vendor/techdivision/appserver/src/TechDivision/ApplicationServer/InitialContext.php:130
[24-Aug-2013 21:15:52 Europe/Berlin] PHP   8. TechDivision\ApplicationServer\SplClassLoader->loadClass() /opt/appserver/app/code/vendor/techdivision/appserver/src/TechDivision/ApplicationServer/InitialContext.php:0
[24-Aug-2013 21:11:11 UTC] PHP Warning:  Xdebug MUST be loaded as a Zend extension in Unknown on line 0
[25-Aug-2013 00:09:26 Europe/Berlin] exception 'TechDivision\ServletContainer\Exceptions\BadRequestException' with message 'Can\'t find application for 'imprint'' in /opt/appserver/app/code/vendor/techdivision/servletcontainer/src/TechDivision/ServletContainer/Container.php:67
Stack trace:
#0 /opt/appserver/app/code/vendor/techdivision/servletcontainer/src/TechDivision/ServletContainer/ThreadRequest.php(187): TechDivision\ServletContainer\Container->findApplication(Object(TechDivision\ServletContainer\Http\GetRequest))
#1 /opt/appserver/app/code/vendor/techdivision/servletcontainer/src/TechDivision/ServletContainer/ThreadRequest.php(96): TechDivision\ServletContainer\ThreadRequest->findApplication(Object(TechDivision\ServletContainer\Http\GetRequest))
#2 /opt/appserver/app/code/vendor/techdivision/appserver/src/TechDivision/ApplicationServer/AbstractThread.php(51): TechDivision\ServletContainer\ThreadRequest->main()
#3 [internal function]: TechDivision\ServletContainer\ThreadRequest->run()
#4 {main}
[25-Aug-2013 01:22:31 Europe/Berlin] exception 'TechDivision\ServletContainer\Exceptions\BadRequestException' with message 'Can\'t find application for 'w00tw00t.at.ISC.SANS.Win32:)'' in /opt/appserver/app/code/vendor/techdivision/servletcontainer/src/TechDivision/ServletContainer/Container.php:67
Stack trace:
#0 /opt/appserver/app/code/vendor/techdivision/servletcontainer/src/TechDivision/ServletContainer/ThreadRequest.php(187): TechDivision\ServletContainer\Container->findApplication(Object(TechDivision\ServletContainer\Http\GetRequest))
#1 /opt/appserver/app/code/vendor/techdivision/servletcontainer/src/TechDivision/ServletContainer/ThreadRequest.php(96): TechDivision\ServletContainer\ThreadRequest->findApplication(Object(TechDivision\ServletContainer\Http\GetRequest))
#2 /opt/appserver/app/code/vendor/techdivision/appserver/src/TechDivision/ApplicationServer/AbstractThread.php(51): TechDivision\ServletContainer\ThreadRequest->main()
#3 [internal function]: TechDivision\ServletContainer\ThreadRequest->run()
#4 {main}
[25-Aug-2013 06:17:15 Europe/Berlin] exception 'TechDivision\ServletContainer\Exceptions\BadRequestException' with message 'Can\'t find application for ''' in /opt/appserver/app/code/vendor/techdivision/servletcontainer/src/TechDivision/ServletContainer/Container.php:67
Stack trace:
#0 /opt/appserver/app/code/vendor/techdivision/servletcontainer/src/TechDivision/ServletContainer/ThreadRequest.php(187): TechDivision\ServletContainer\Container->findApplication(Object(TechDivision\ServletContainer\Http\HeadRequest))
#1 /opt/appserver/app/code/vendor/techdivision/servletcontainer/src/TechDivision/ServletContainer/ThreadRequest.php(96): TechDivision\ServletContainer\ThreadRequest->findApplication(Object(TechDivision\ServletContainer\Http\HeadRequest))
#2 /opt/appserver/app/code/vendor/techdivision/appserver/src/TechDivision/ApplicationServer/AbstractThread.php(51): TechDivision\ServletContainer\ThreadRequest->main()
#3 [internal function]: TechDivision\ServletContainer\ThreadRequest->run()
#4 {main}
[25-Aug-2013 09:00:11 Europe/Berlin] exception 'TechDivision\ServletContainer\Exceptions\BadRequestException' with message 'Can\'t find application for ''' in /opt/appserver/app/code/vendor/techdivision/servletcontainer/src/TechDivision/ServletContainer/Container.php:67
Stack trace:
#0 /opt/appserver/app/code/vendor/techdivision/servletcontainer/src/TechDivision/ServletContainer/ThreadRequest.php(187): TechDivision\ServletContainer\Container->findApplication(Object(TechDivision\ServletContainer\Http\GetRequest))
#1 /opt/appserver/app/code/vendor/techdivision/servletcontainer/src/TechDivision/ServletContainer/ThreadRequest.php(96): TechDivision\ServletContainer\ThreadRequest->findApplication(Object(TechDivision\ServletContainer\Http\GetRequest))
#2 /opt/appserver/app/code/vendor/techdivision/appserver/src/TechDivision/ApplicationServer/AbstractThread.php(51): TechDivision\ServletContainer\ThreadRequest->main()
#3 [internal function]: TechDivision\ServletContainer\ThreadRequest->run()
#4 {main}
[25-Aug-2013 10:41:55 Europe/Berlin] exception 'TechDivision\ServletContainer\Exceptions\BadRequestException' with message 'Can\'t find application for 'w00tw00t.at.ISC.SANS.Win32:)'' in /opt/appserver/app/code/vendor/techdivision/servletcontainer/src/TechDivision/ServletContainer/Container.php:67
Stack trace:
#0 /opt/appserver/app/code/vendor/techdivision/servletcontainer/src/TechDivision/ServletContainer/ThreadRequest.php(187): TechDivision\ServletContainer\Container->findApplication(Object(TechDivision\ServletContainer\Http\GetRequest))
#1 /opt/appserver/app/code/vendor/techdivision/servletcontainer/src/TechDivision/ServletContainer/ThreadRequest.php(96): TechDivision\ServletContainer\ThreadRequest->findApplication(Object(TechDivision\ServletContainer\Http\GetRequest))
#2 /opt/appserver/app/code/vendor/techdivision/appserver/src/TechDivision/ApplicationServer/AbstractThread.php(51): TechDivision\ServletContainer\ThreadRequest->main()
#3 [internal function]: TechDivision\ServletContainer\ThreadRequest->run()
#4 {main}
[25-Aug-2013 11:15:30 Europe/Berlin] exception 'TechDivision\ServletContainer\Exceptions\BadRequestException' with message 'Can\'t find application for 'muieblackcat'' in /opt/appserver/app/code/vendor/techdivision/servletcontainer/src/TechDivision/ServletContainer/Container.php:67
Stack trace:
#0 /opt/appserver/app/code/vendor/techdivision/servletcontainer/src/TechDivision/ServletContainer/ThreadRequest.php(187): TechDivision\ServletContainer\Container->findApplication(Object(TechDivision\ServletContainer\Http\GetRequest))
#1 /opt/appserver/app/code/vendor/techdivision/servletcontainer/src/TechDivision/ServletContainer/ThreadRequest.php(96): TechDivision\ServletContainer\ThreadRequest->findApplication(Object(TechDivision\ServletContainer\Http\GetRequest))
#2 /opt/appserver/app/code/vendor/techdivision/appserver/src/TechDivision/ApplicationServer/AbstractThread.php(51): TechDivision\ServletContainer\ThreadRequest->main()
#3 [internal function]: TechDivision\ServletContainer\ThreadRequest->run()
#4 {main}
[25-Aug-2013 11:15:30 Europe/Berlin] exception 'TechDivision\ServletContainer\Exceptions\BadRequestException' with message 'Can\'t find application for 'setup.php'' in /opt/appserver/app/code/vendor/techdivision/servletcontainer/src/TechDivision/ServletContainer/Container.php:67
Stack trace:
#0 /opt/appserver/app/code/vendor/techdivision/servletcontainer/src/TechDivision/ServletContainer/ThreadRequest.php(187): TechDivision\ServletContainer\Container->findApplication(Object(TechDivision\ServletContainer\Http\GetRequest))
#1 /opt/appserver/app/code/vendor/techdivision/servletcontainer/src/TechDivision/ServletContainer/ThreadRequest.php(96): TechDivision\ServletContainer\ThreadRequest->findApplication(Object(TechDivision\ServletContainer\Http\GetRequest))
#2 /opt/appserver/app/code/vendor/techdivision/appserver/src/TechDivision/ApplicationServer/AbstractThread.php(51): TechDivision\ServletContainer\ThreadRequest->main()
#3 [internal function]: TechDivision\ServletContainer\ThreadRequest->run()
#4 {main}
[25-Aug-2013 11:15:30 Europe/Berlin] exception 'TechDivision\ServletContainer\Exceptions\BadRequestException' with message 'Can\'t find application for 'scripts'' in /opt/appserver/app/code/vendor/techdivision/servletcontainer/src/TechDivision/ServletContainer/Container.php:67
Stack trace:
#0 /opt/appserver/app/code/vendor/techdivision/servletcontainer/src/TechDivision/ServletContainer/ThreadRequest.php(187): TechDivision\ServletContainer\Container->findApplication(Object(TechDivision\ServletContainer\Http\GetRequest))
#1 /opt/appserver/app/code/vendor/techdivision/servletcontainer/src/TechDivision/ServletContainer/ThreadRequest.php(96): TechDivision\ServletContainer\ThreadRequest->findApplication(Object(TechDivision\ServletContainer\Http\GetRequest))
#2 /opt/appserver/app/code/vendor/techdivision/appserver/src/TechDivision/ApplicationServer/AbstractThread.php(51): TechDivision\ServletContainer\ThreadRequest->main()
#3 [internal function]: TechDivision\ServletContainer\ThreadRequest->run()
#4 {main}
[25-Aug-2013 11:15:30 Europe/Berlin] exception 'TechDivision\ServletContainer\Exceptions\BadRequestException' with message 'Can\'t find application for 'pma'' in /opt/appserver/app/code/vendor/techdivision/servletcontainer/src/TechDivision/ServletContainer/Container.php:67
Stack trace:
#0 /opt/appserver/app/code/vendor/techdivision/servletcontainer/src/TechDivision/ServletContainer/ThreadRequest.php(187): TechDivision\ServletContainer\Container->findApplication(Object(TechDivision\ServletContainer\Http\GetRequest))
#1 /opt/appserver/app/code/vendor/techdivision/servletcontainer/src/TechDivision/ServletContainer/ThreadRequest.php(96): TechDivision\ServletContainer\ThreadRequest->findApplication(Object(TechDivision\ServletContainer\Http\GetRequest))
#2 /opt/appserver/app/code/vendor/techdivision/appserver/src/TechDivision/ApplicationServer/AbstractThread.php(51): TechDivision\ServletContainer\ThreadRequest->main()
#3 [internal function]: TechDivision\ServletContainer\ThreadRequest->run()
#4 {main}
[25-Aug-2013 11:15:30 Europe/Berlin] exception 'TechDivision\ServletContainer\Exceptions\BadRequestException' with message 'Can\'t find application for 'phpmyadmin'' in /opt/appserver/app/code/vendor/techdivision/servletcontainer/src/TechDivision/ServletContainer/Container.php:67
Stack trace:
#0 /opt/appserver/app/code/vendor/techdivision/servletcontainer/src/TechDivision/ServletContainer/ThreadRequest.php(187): TechDivision\ServletContainer\Container->findApplication(Object(TechDivision\ServletContainer\Http\GetRequest))
#1 /opt/appserver/app/code/vendor/techdivision/servletcontainer/src/TechDivision/ServletContainer/ThreadRequest.php(96): TechDivision\ServletContainer\ThreadRequest->findApplication(Object(TechDivision\ServletContainer\Http\GetRequest))
#2 /opt/appserver/app/code/vendor/techdivision/appserver/src/TechDivision/ApplicationServer/AbstractThread.php(51): TechDivision\ServletContainer\ThreadRequest->main()
#3 [internal function]: TechDivision\ServletContainer\ThreadRequest->run()
#4 {main}
[25-Aug-2013 11:15:30 Europe/Berlin] exception 'TechDivision\ServletContainer\Exceptions\BadRequestException' with message 'Can\'t find application for 'scripts'' in /opt/appserver/app/code/vendor/techdivision/servletcontainer/src/TechDivision/ServletContainer/Container.php:67
Stack trace:
#0 /opt/appserver/app/code/vendor/techdivision/servletcontainer/src/TechDivision/ServletContainer/ThreadRequest.php(187): TechDivision\ServletContainer\Container->findApplication(Object(TechDivision\ServletContainer\Http\GetRequest))
#1 /opt/appserver/app/code/vendor/techdivision/servletcontainer/src/TechDivision/ServletContainer/ThreadRequest.php(96): TechDivision\ServletContainer\ThreadRequest->findApplication(Object(TechDivision\ServletContainer\Http\GetRequest))
#2 /opt/appserver/app/code/vendor/techdivision/appserver/src/TechDivision/ApplicationServer/AbstractThread.php(51): TechDivision\ServletContainer\ThreadRequest->main()
#3 [internal function]: TechDivision\ServletContainer\ThreadRequest->run()
#4 {main}
[25-Aug-2013 11:15:30 Europe/Berlin] exception 'TechDivision\ServletContainer\Exceptions\BadRequestException' with message 'Can\'t find application for 'scripts'' in /opt/appserver/app/code/vendor/techdivision/servletcontainer/src/TechDivision/ServletContainer/Container.php:67
Stack trace:
#0 /opt/appserver/app/code/vendor/techdivision/servletcontainer/src/TechDivision/ServletContainer/ThreadRequest.php(187): TechDivision\ServletContainer\Container->findApplication(Object(TechDivision\ServletContainer\Http\GetRequest))
#1 /opt/appserver/app/code/vendor/techdivision/servletcontainer/src/TechDivision/ServletContainer/ThreadRequest.php(96): TechDivision\ServletContainer\ThreadRequest->findApplication(Object(TechDivision\ServletContainer\Http\GetRequest))
#2 /opt/appserver/app/code/vendor/techdivision/appserver/src/TechDivision/ApplicationServer/AbstractThread.php(51): TechDivision\ServletContainer\ThreadRequest->main()
#3 [internal function]: TechDivision\ServletContainer\ThreadRequest->run()
#4 {main}
[25-Aug-2013 11:15:30 Europe/Berlin] exception 'TechDivision\ServletContainer\Exceptions\BadRequestException' with message 'Can\'t find application for 'scripts'' in /opt/appserver/app/code/vendor/techdivision/servletcontainer/src/TechDivision/ServletContainer/Container.php:67
Stack trace:
#0 /opt/appserver/app/code/vendor/techdivision/servletcontainer/src/TechDivision/ServletContainer/ThreadRequest.php(187): TechDivision\ServletContainer\Container->findApplication(Object(TechDivision\ServletContainer\Http\GetRequest))
#1 /opt/appserver/app/code/vendor/techdivision/servletcontainer/src/TechDivision/ServletContainer/ThreadRequest.php(96): TechDivision\ServletContainer\ThreadRequest->findApplication(Object(TechDivision\ServletContainer\Http\GetRequest))
#2 /opt/appserver/app/code/vendor/techdivision/appserver/src/TechDivision/ApplicationServer/AbstractThread.php(51): TechDivision\ServletContainer\ThreadRequest->main()
#3 [internal function]: TechDivision\ServletContainer\ThreadRequest->run()
#4 {main}
[25-Aug-2013 11:15:31 Europe/Berlin] exception 'TechDivision\ServletContainer\Exceptions\BadRequestException' with message 'Can\'t find application for 'scripts'' in /opt/appserver/app/code/vendor/techdivision/servletcontainer/src/TechDivision/ServletContainer/Container.php:67
Stack trace:
#0 /opt/appserver/app/code/vendor/techdivision/servletcontainer/src/TechDivision/ServletContainer/ThreadRequest.php(187): TechDivision\ServletContainer\Container->findApplication(Object(TechDivision\ServletContainer\Http\GetRequest))
#1 /opt/appserver/app/code/vendor/techdivision/servletcontainer/src/TechDivision/ServletContainer/ThreadRequest.php(96): TechDivision\ServletContainer\ThreadRequest->findApplication(Object(TechDivision\ServletContainer\Http\GetRequest))
#2 /opt/appserver/app/code/vendor/techdivision/appserver/src/TechDivision/ApplicationServer/AbstractThread.php(51): TechDivision\ServletContainer\ThreadRequest->main()
#3 [internal function]: TechDivision\ServletContainer\ThreadRequest->run()
#4 {main}
[25-Aug-2013 11:15:31 Europe/Berlin] exception 'TechDivision\ServletContainer\Exceptions\BadRequestException' with message 'Can\'t find application for 'scripts'' in /opt/appserver/app/code/vendor/techdivision/servletcontainer/src/TechDivision/ServletContainer/Container.php:67
Stack trace:
#0 /opt/appserver/app/code/vendor/techdivision/servletcontainer/src/TechDivision/ServletContainer/ThreadRequest.php(187): TechDivision\ServletContainer\Container->findApplication(Object(TechDivision\ServletContainer\Http\GetRequest))
#1 /opt/appserver/app/code/vendor/techdivision/servletcontainer/src/TechDivision/ServletContainer/ThreadRequest.php(96): TechDivision\ServletContainer\ThreadRequest->findApplication(Object(TechDivision\ServletContainer\Http\GetRequest))
#2 /opt/appserver/app/code/vendor/techdivision/appserver/src/TechDivision/ApplicationServer/AbstractThread.php(51): TechDivision\ServletContainer\ThreadRequest->main()
#3 [internal function]: TechDivision\ServletContainer\ThreadRequest->run()
#4 {main}
[25-Aug-2013 11:15:31 Europe/Berlin] exception 'TechDivision\ServletContainer\Exceptions\BadRequestException' with message 'Can\'t find application for 'phpmyadmin'' in /opt/appserver/app/code/vendor/techdivision/servletcontainer/src/TechDivision/ServletContainer/Container.php:67
Stack trace:
#0 /opt/appserver/app/code/vendor/techdivision/servletcontainer/src/TechDivision/ServletContainer/ThreadRequest.php(187): TechDivision\ServletContainer\Container->findApplication(Object(TechDivision\ServletContainer\Http\GetRequest))
#1 /opt/appserver/app/code/vendor/techdivision/servletcontainer/src/TechDivision/ServletContainer/ThreadRequest.php(96): TechDivision\ServletContainer\ThreadRequest->findApplication(Object(TechDivision\ServletContainer\Http\GetRequest))
#2 /opt/appserver/app/code/vendor/techdivision/appserver/src/TechDivision/ApplicationServer/AbstractThread.php(51): TechDivision\ServletContainer\ThreadRequest->main()
#3 [internal function]: TechDivision\ServletContainer\ThreadRequest->run()
#4 {main}
[25-Aug-2013 11:15:31 Europe/Berlin] exception 'TechDivision\ServletContainer\Exceptions\BadRequestException' with message 'Can\'t find application for 'scripts'' in /opt/appserver/app/code/vendor/techdivision/servletcontainer/src/TechDivision/ServletContainer/Container.php:67
Stack trace:
#0 /opt/appserver/app/code/vendor/techdivision/servletcontainer/src/TechDivision/ServletContainer/ThreadRequest.php(187): TechDivision\ServletContainer\Container->findApplication(Object(TechDivision\ServletContainer\Http\GetRequest))
#1 /opt/appserver/app/code/vendor/techdivision/servletcontainer/src/TechDivision/ServletContainer/ThreadRequest.php(96): TechDivision\ServletContainer\ThreadRequest->findApplication(Object(TechDivision\ServletContainer\Http\GetRequest))
#2 /opt/appserver/app/code/vendor/techdivision/appserver/src/TechDivision/ApplicationServer/AbstractThread.php(51): TechDivision\ServletContainer\ThreadRequest->main()
#3 [internal function]: TechDivision\ServletContainer\ThreadRequest->run()
#4 {main}
[25-Aug-2013 11:15:31 Europe/Berlin] exception 'TechDivision\ServletContainer\Exceptions\BadRequestException' with message 'Can\'t find application for 'scripts'' in /opt/appserver/app/code/vendor/techdivision/servletcontainer/src/TechDivision/ServletContainer/Container.php:67
Stack trace:
#0 /opt/appserver/app/code/vendor/techdivision/servletcontainer/src/TechDivision/ServletContainer/ThreadRequest.php(187): TechDivision\ServletContainer\Container->findApplication(Object(TechDivision\ServletContainer\Http\GetRequest))
#1 /opt/appserver/app/code/vendor/techdivision/servletcontainer/src/TechDivision/ServletContainer/ThreadRequest.php(96): TechDivision\ServletContainer\ThreadRequest->findApplication(Object(TechDivision\ServletContainer\Http\GetRequest))
#2 /opt/appserver/app/code/vendor/techdivision/appserver/src/TechDivision/ApplicationServer/AbstractThread.php(51): TechDivision\ServletContainer\ThreadRequest->main()
#3 [internal function]: TechDivision\ServletContainer\ThreadRequest->run()
#4 {main}
[25-Aug-2013 11:15:31 Europe/Berlin] exception 'TechDivision\ServletContainer\Exceptions\BadRequestException' with message 'Can\'t find application for 'scripts'' in /opt/appserver/app/code/vendor/techdivision/servletcontainer/src/TechDivision/ServletContainer/Container.php:67
Stack trace:
#0 /opt/appserver/app/code/vendor/techdivision/servletcontainer/src/TechDivision/ServletContainer/ThreadRequest.php(187): TechDivision\ServletContainer\Container->findApplication(Object(TechDivision\ServletContainer\Http\GetRequest))
#1 /opt/appserver/app/code/vendor/techdivision/servletcontainer/src/TechDivision/ServletContainer/ThreadRequest.php(96): TechDivision\ServletContainer\ThreadRequest->findApplication(Object(TechDivision\ServletContainer\Http\GetRequest))
#2 /opt/appserver/app/code/vendor/techdivision/appserver/src/TechDivision/ApplicationServer/AbstractThread.php(51): TechDivision\ServletContainer\ThreadRequest->main()
#3 [internal function]: TechDivision\ServletContainer\ThreadRequest->run()
#4 {main}
[25-Aug-2013 11:15:31 Europe/Berlin] exception 'TechDivision\ServletContainer\Exceptions\BadRequestException' with message 'Can\'t find application for 'scripts'' in /opt/appserver/app/code/vendor/techdivision/servletcontainer/src/TechDivision/ServletContainer/Container.php:67
Stack trace:
#0 /opt/appserver/app/code/vendor/techdivision/servletcontainer/src/TechDivision/ServletContainer/ThreadRequest.php(187): TechDivision\ServletContainer\Container->findApplication(Object(TechDivision\ServletContainer\Http\GetRequest))
#1 /opt/appserver/app/code/vendor/techdivision/servletcontainer/src/TechDivision/ServletContainer/ThreadRequest.php(96): TechDivision\ServletContainer\ThreadRequest->findApplication(Object(TechDivision\ServletContainer\Http\GetRequest))
#2 /opt/appserver/app/code/vendor/techdivision/appserver/src/TechDivision/ApplicationServer/AbstractThread.php(51): TechDivision\ServletContainer\ThreadRequest->main()
#3 [internal function]: TechDivision\ServletContainer\ThreadRequest->run()
#4 {main}
[25-Aug-2013 11:15:31 Europe/Berlin] exception 'TechDivision\ServletContainer\Exceptions\BadRequestException' with message 'Can\'t find application for 'scripts'' in /opt/appserver/app/code/vendor/techdivision/servletcontainer/src/TechDivision/ServletContainer/Container.php:67
Stack trace:
#0 /opt/appserver/app/code/vendor/techdivision/servletcontainer/src/TechDivision/ServletContainer/ThreadRequest.php(187): TechDivision\ServletContainer\Container->findApplication(Object(TechDivision\ServletContainer\Http\GetRequest))
#1 /opt/appserver/app/code/vendor/techdivision/servletcontainer/src/TechDivision/ServletContainer/ThreadRequest.php(96): TechDivision\ServletContainer\ThreadRequest->findApplication(Object(TechDivision\ServletContainer\Http\GetRequest))
#2 /opt/appserver/app/code/vendor/techdivision/appserver/src/TechDivision/ApplicationServer/AbstractThread.php(51): TechDivision\ServletContainer\ThreadRequest->main()
#3 [internal function]: TechDivision\ServletContainer\ThreadRequest->run()
#4 {main}
[25-Aug-2013 11:15:31 Europe/Berlin] exception 'TechDivision\ServletContainer\Exceptions\BadRequestException' with message 'Can\'t find application for 'scripts'' in /opt/appserver/app/code/vendor/techdivision/servletcontainer/src/TechDivision/ServletContainer/Container.php:67
Stack trace:
#0 /opt/appserver/app/code/vendor/techdivision/servletcontainer/src/TechDivision/ServletContainer/ThreadRequest.php(187): TechDivision\ServletContainer\Container->findApplication(Object(TechDivision\ServletContainer\Http\GetRequest))
#1 /opt/appserver/app/code/vendor/techdivision/servletcontainer/src/TechDivision/ServletContainer/ThreadRequest.php(96): TechDivision\ServletContainer\ThreadRequest->findApplication(Object(TechDivision\ServletContainer\Http\GetRequest))
#2 /opt/appserver/app/code/vendor/techdivision/appserver/src/TechDivision/ApplicationServer/AbstractThread.php(51): TechDivision\ServletContainer\ThreadRequest->main()
#3 [internal function]: TechDivision\ServletContainer\ThreadRequest->run()
#4 {main}
[25-Aug-2013 11:15:31 Europe/Berlin] exception 'TechDivision\ServletContainer\Exceptions\BadRequestException' with message 'Can\'t find application for 'phpMyAdmin'' in /opt/appserver/app/code/vendor/techdivision/servletcontainer/src/TechDivision/ServletContainer/Container.php:67
Stack trace:
#0 /opt/appserver/app/code/vendor/techdivision/servletcontainer/src/TechDivision/ServletContainer/ThreadRequest.php(187): TechDivision\ServletContainer\Container->findApplication(Object(TechDivision\ServletContainer\Http\GetRequest))
#1 /opt/appserver/app/code/vendor/techdivision/servletcontainer/src/TechDivision/ServletContainer/ThreadRequest.php(96): TechDivision\ServletContainer\ThreadRequest->findApplication(Object(TechDivision\ServletContainer\Http\GetRequest))
#2 /opt/appserver/app/code/vendor/techdivision/appserver/src/TechDivision/ApplicationServer/AbstractThread.php(51): TechDivision\ServletContainer\ThreadRequest->main()
#3 [internal function]: TechDivision\ServletContainer\ThreadRequest->run()
#4 {main}
[25-Aug-2013 11:15:32 Europe/Berlin] exception 'TechDivision\ServletContainer\Exceptions\BadRequestException' with message 'Can\'t find application for 'phpmyadmin'' in /opt/appserver/app/code/vendor/techdivision/servletcontainer/src/TechDivision/ServletContainer/Container.php:67
Stack trace:
#0 /opt/appserver/app/code/vendor/techdivision/servletcontainer/src/TechDivision/ServletContainer/ThreadRequest.php(187): TechDivision\ServletContainer\Container->findApplication(Object(TechDivision\ServletContainer\Http\GetRequest))
#1 /opt/appserver/app/code/vendor/techdivision/servletcontainer/src/TechDivision/ServletContainer/ThreadRequest.php(96): TechDivision\ServletContainer\ThreadRequest->findApplication(Object(TechDivision\ServletContainer\Http\GetRequest))
#2 /opt/appserver/app/code/vendor/techdivision/appserver/src/TechDivision/ApplicationServer/AbstractThread.php(51): TechDivision\ServletContainer\ThreadRequest->main()
#3 [internal function]: TechDivision\ServletContainer\ThreadRequest->run()
#4 {main}
[25-Aug-2013 11:15:32 Europe/Berlin] exception 'TechDivision\ServletContainer\Exceptions\BadRequestException' with message 'Can\'t find application for 'scripts'' in /opt/appserver/app/code/vendor/techdivision/servletcontainer/src/TechDivision/ServletContainer/Container.php:67
Stack trace:
#0 /opt/appserver/app/code/vendor/techdivision/servletcontainer/src/TechDivision/ServletContainer/ThreadRequest.php(187): TechDivision\ServletContainer\Container->findApplication(Object(TechDivision\ServletContainer\Http\GetRequest))
#1 /opt/appserver/app/code/vendor/techdivision/servletcontainer/src/TechDivision/ServletContainer/ThreadRequest.php(96): TechDivision\ServletContainer\ThreadRequest->findApplication(Object(TechDivision\ServletContainer\Http\GetRequest))
#2 /opt/appserver/app/code/vendor/techdivision/appserver/src/TechDivision/ApplicationServer/AbstractThread.php(51): TechDivision\ServletContainer\ThreadRequest->main()
#3 [internal function]: TechDivision\ServletContainer\ThreadRequest->run()
#4 {main}
[25-Aug-2013 11:15:32 Europe/Berlin] exception 'TechDivision\ServletContainer\Exceptions\BadRequestException' with message 'Can\'t find application for 'scripts'' in /opt/appserver/app/code/vendor/techdivision/servletcontainer/src/TechDivision/ServletContainer/Container.php:67
Stack trace:
#0 /opt/appserver/app/code/vendor/techdivision/servletcontainer/src/TechDivision/ServletContainer/ThreadRequest.php(187): TechDivision\ServletContainer\Container->findApplication(Object(TechDivision\ServletContainer\Http\GetRequest))
#1 /opt/appserver/app/code/vendor/techdivision/servletcontainer/src/TechDivision/ServletContainer/ThreadRequest.php(96): TechDivision\ServletContainer\ThreadRequest->findApplication(Object(TechDivision\ServletContainer\Http\GetRequest))
#2 /opt/appserver/app/code/vendor/techdivision/appserver/src/TechDivision/ApplicationServer/AbstractThread.php(51): TechDivision\ServletContainer\ThreadRequest->main()
#3 [internal function]: TechDivision\ServletContainer\ThreadRequest->run()
#4 {main}
[25-Aug-2013 11:15:32 Europe/Berlin] exception 'TechDivision\ServletContainer\Exceptions\BadRequestException' with message 'Can\'t find application for 'scripts'' in /opt/appserver/app/code/vendor/techdivision/servletcontainer/src/TechDivision/ServletContainer/Container.php:67
Stack trace:
#0 /opt/appserver/app/code/vendor/techdivision/servletcontainer/src/TechDivision/ServletContainer/ThreadRequest.php(187): TechDivision\ServletContainer\Container->findApplication(Object(TechDivision\ServletContainer\Http\GetRequest))
#1 /opt/appserver/app/code/vendor/techdivision/servletcontainer/src/TechDivision/ServletContainer/ThreadRequest.php(96): TechDivision\ServletContainer\ThreadRequest->findApplication(Object(TechDivision\ServletContainer\Http\GetRequest))
#2 /opt/appserver/app/code/vendor/techdivision/appserver/src/TechDivision/ApplicationServer/AbstractThread.php(51): TechDivision\ServletContainer\ThreadRequest->main()
#3 [internal function]: TechDivision\ServletContainer\ThreadRequest->run()
#4 {main}
[25-Aug-2013 11:15:32 Europe/Berlin] exception 'TechDivision\ServletContainer\Exceptions\BadRequestException' with message 'Can\'t find application for 'scripts'' in /opt/appserver/app/code/vendor/techdivision/servletcontainer/src/TechDivision/ServletContainer/Container.php:67
Stack trace:
#0 /opt/appserver/app/code/vendor/techdivision/servletcontainer/src/TechDivision/ServletContainer/ThreadRequest.php(187): TechDivision\ServletContainer\Container->findApplication(Object(TechDivision\ServletContainer\Http\GetRequest))
#1 /opt/appserver/app/code/vendor/techdivision/servletcontainer/src/TechDivision/ServletContainer/ThreadRequest.php(96): TechDivision\ServletContainer\ThreadRequest->findApplication(Object(TechDivision\ServletContainer\Http\GetRequest))
#2 /opt/appserver/app/code/vendor/techdivision/appserver/src/TechDivision/ApplicationServer/AbstractThread.php(51): TechDivision\ServletContainer\ThreadRequest->main()
#3 [internal function]: TechDivision\ServletContainer\ThreadRequest->run()
#4 {main}
[25-Aug-2013 11:15:32 Europe/Berlin] exception 'TechDivision\ServletContainer\Exceptions\BadRequestException' with message 'Can\'t find application for 'scripts'' in /opt/appserver/app/code/vendor/techdivision/servletcontainer/src/TechDivision/ServletContainer/Container.php:67
Stack trace:
#0 /opt/appserver/app/code/vendor/techdivision/servletcontainer/src/TechDivision/ServletContainer/ThreadRequest.php(187): TechDivision\ServletContainer\Container->findApplication(Object(TechDivision\ServletContainer\Http\GetRequest))
#1 /opt/appserver/app/code/vendor/techdivision/servletcontainer/src/TechDivision/ServletContainer/ThreadRequest.php(96): TechDivision\ServletContainer\ThreadRequest->findApplication(Object(TechDivision\ServletContainer\Http\GetRequest))
#2 /opt/appserver/app/code/vendor/techdivision/appserver/src/TechDivision/ApplicationServer/AbstractThread.php(51): TechDivision\ServletContainer\ThreadRequest->main()
#3 [internal function]: TechDivision\ServletContainer\ThreadRequest->run()
#4 {main}
[25-Aug-2013 11:15:32 Europe/Berlin] exception 'TechDivision\ServletContainer\Exceptions\BadRequestException' with message 'Can\'t find application for 'scripts'' in /opt/appserver/app/code/vendor/techdivision/servletcontainer/src/TechDivision/ServletContainer/Container.php:67
Stack trace:
#0 /opt/appserver/app/code/vendor/techdivision/servletcontainer/src/TechDivision/ServletContainer/ThreadRequest.php(187): TechDivision\ServletContainer\Container->findApplication(Object(TechDivision\ServletContainer\Http\GetRequest))
#1 /opt/appserver/app/code/vendor/techdivision/servletcontainer/src/TechDivision/ServletContainer/ThreadRequest.php(96): TechDivision\ServletContainer\ThreadRequest->findApplication(Object(TechDivision\ServletContainer\Http\GetRequest))
#2 /opt/appserver/app/code/vendor/techdivision/appserver/src/TechDivision/ApplicationServer/AbstractThread.php(51): TechDivision\ServletContainer\ThreadRequest->main()
#3 [internal function]: TechDivision\ServletContainer\ThreadRequest->run()
#4 {main}
[25-Aug-2013 11:15:32 Europe/Berlin] exception 'TechDivision\ServletContainer\Exceptions\BadRequestException' with message 'Can\'t find application for 'scripts'' in /opt/appserver/app/code/vendor/techdivision/servletcontainer/src/TechDivision/ServletContainer/Container.php:67
Stack trace:
#0 /opt/appserver/app/code/vendor/techdivision/servletcontainer/src/TechDivision/ServletContainer/ThreadRequest.php(187): TechDivision\ServletContainer\Container->findApplication(Object(TechDivision\ServletContainer\Http\GetRequest))
#1 /opt/appserver/app/code/vendor/techdivision/servletcontainer/src/TechDivision/ServletContainer/ThreadRequest.php(96): TechDivision\ServletContainer\ThreadRequest->findApplication(Object(TechDivision\ServletContainer\Http\GetRequest))
#2 /opt/appserver/app/code/vendor/techdivision/appserver/src/TechDivision/ApplicationServer/AbstractThread.php(51): TechDivision\ServletContainer\ThreadRequest->main()
#3 [internal function]: TechDivision\ServletContainer\ThreadRequest->run()
#4 {main}
[25-Aug-2013 11:15:32 Europe/Berlin] exception 'TechDivision\ServletContainer\Exceptions\BadRequestException' with message 'Can\'t find application for 'index.php'' in /opt/appserver/app/code/vendor/techdivision/servletcontainer/src/TechDivision/ServletContainer/Container.php:67
Stack trace:
#0 /opt/appserver/app/code/vendor/techdivision/servletcontainer/src/TechDivision/ServletContainer/ThreadRequest.php(187): TechDivision\ServletContainer\Container->findApplication(Object(TechDivision\ServletContainer\Http\GetRequest))
#1 /opt/appserver/app/code/vendor/techdivision/servletcontainer/src/TechDivision/ServletContainer/ThreadRequest.php(96): TechDivision\ServletContainer\ThreadRequest->findApplication(Object(TechDivision\ServletContainer\Http\GetRequest))
#2 /opt/appserver/app/code/vendor/techdivision/appserver/src/TechDivision/ApplicationServer/AbstractThread.php(51): TechDivision\ServletContainer\ThreadRequest->main()
#3 [internal function]: TechDivision\ServletContainer\ThreadRequest->run()
#4 {main}
[25-Aug-2013 11:15:33 Europe/Berlin] exception 'TechDivision\ServletContainer\Exceptions\BadRequestException' with message 'Can\'t find application for 'index.php'' in /opt/appserver/app/code/vendor/techdivision/servletcontainer/src/TechDivision/ServletContainer/Container.php:67
Stack trace:
#0 /opt/appserver/app/code/vendor/techdivision/servletcontainer/src/TechDivision/ServletContainer/ThreadRequest.php(187): TechDivision\ServletContainer\Container->findApplication(Object(TechDivision\ServletContainer\Http\GetRequest))
#1 /opt/appserver/app/code/vendor/techdivision/servletcontainer/src/TechDivision/ServletContainer/ThreadRequest.php(96): TechDivision\ServletContainer\ThreadRequest->findApplication(Object(TechDivision\ServletContainer\Http\GetRequest))
#2 /opt/appserver/app/code/vendor/techdivision/appserver/src/TechDivision/ApplicationServer/AbstractThread.php(51): TechDivision\ServletContainer\ThreadRequest->main()
#3 [internal function]: TechDivision\ServletContainer\ThreadRequest->run()
#4 {main}
[25-Aug-2013 11:15:33 Europe/Berlin] exception 'TechDivision\ServletContainer\Exceptions\BadRequestException' with message 'Can\'t find application for ''' in /opt/appserver/app/code/vendor/techdivision/servletcontainer/src/TechDivision/ServletContainer/Container.php:67
Stack trace:
#0 /opt/appserver/app/code/vendor/techdivision/servletcontainer/src/TechDivision/ServletContainer/ThreadRequest.php(187): TechDivision\ServletContainer\Container->findApplication(Object(TechDivision\ServletContainer\Http\GetRequest))
#1 /opt/appserver/app/code/vendor/techdivision/servletcontainer/src/TechDivision/ServletContainer/ThreadRequest.php(96): TechDivision\ServletContainer\ThreadRequest->findApplication(Object(TechDivision\ServletContainer\Http\GetRequest))
#2 /opt/appserver/app/code/vendor/techdivision/appserver/src/TechDivision/ApplicationServer/AbstractThread.php(51): TechDivision\ServletContainer\ThreadRequest->main()
#3 [internal function]: TechDivision\ServletContainer\ThreadRequest->run()
#4 {main}
[25-Aug-2013 11:15:33 Europe/Berlin] exception 'TechDivision\ServletContainer\Exceptions\BadRequestException' with message 'Can\'t find application for ''' in /opt/appserver/app/code/vendor/techdivision/servletcontainer/src/TechDivision/ServletContainer/Container.php:67
Stack trace:
#0 /opt/appserver/app/code/vendor/techdivision/servletcontainer/src/TechDivision/ServletContainer/ThreadRequest.php(187): TechDivision\ServletContainer\Container->findApplication(Object(TechDivision\ServletContainer\Http\GetRequest))
#1 /opt/appserver/app/code/vendor/techdivision/servletcontainer/src/TechDivision/ServletContainer/ThreadRequest.php(96): TechDivision\ServletContainer\ThreadRequest->findApplication(Object(TechDivision\ServletContainer\Http\GetRequest))
#2 /opt/appserver/app/code/vendor/techdivision/appserver/src/TechDivision/ApplicationServer/AbstractThread.php(51): TechDivision\ServletContainer\ThreadRequest->main()
#3 [internal function]: TechDivision\ServletContainer\ThreadRequest->run()
#4 {main}
[25-Aug-2013 11:15:33 Europe/Berlin] exception 'TechDivision\ServletContainer\Exceptions\BadRequestException' with message 'Can\'t find application for ''' in /opt/appserver/app/code/vendor/techdivision/servletcontainer/src/TechDivision/ServletContainer/Container.php:67
Stack trace:
#0 /opt/appserver/app/code/vendor/techdivision/servletcontainer/src/TechDivision/ServletContainer/ThreadRequest.php(187): TechDivision\ServletContainer\Container->findApplication(Object(TechDivision\ServletContainer\Http\GetRequest))
#1 /opt/appserver/app/code/vendor/techdivision/servletcontainer/src/TechDivision/ServletContainer/ThreadRequest.php(96): TechDivision\ServletContainer\ThreadRequest->findApplication(Object(TechDivision\ServletContainer\Http\GetRequest))
#2 /opt/appserver/app/code/vendor/techdivision/appserver/src/TechDivision/ApplicationServer/AbstractThread.php(51): TechDivision\ServletContainer\ThreadRequest->main()
#3 [internal function]: TechDivision\ServletContainer\ThreadRequest->run()
#4 {main}
[25-Aug-2013 17:39:19 Europe/Berlin] exception 'TechDivision\ServletContainer\Exceptions\InvalidHeaderException' with message 'Found invalid request method ''' in /opt/appserver/app/code/vendor/techdivision/servletcontainer/src/TechDivision/ServletContainer/Http/HttpRequest.php:266
Stack trace:
#0 /opt/appserver/app/code/vendor/techdivision/servletcontainer/src/TechDivision/ServletContainer/Http/HttpRequest.php(191): TechDivision\ServletContainer\Http\HttpRequest->getRequestMethodInstance()
#1 /opt/appserver/app/code/vendor/techdivision/servletcontainer/src/TechDivision/ServletContainer/Socket/HttpClient.php(67): TechDivision\ServletContainer\Http\HttpRequest->initFromRawHeader('')
#2 /opt/appserver/app/code/vendor/techdivision/servletcontainer/src/TechDivision/ServletContainer/ThreadRequest.php(86): TechDivision\ServletContainer\Socket\HttpClient->receive()
#3 /opt/appserver/app/code/vendor/techdivision/appserver/src/TechDivision/ApplicationServer/AbstractThread.php(51): TechDivision\ServletContainer\ThreadRequest->main()
#4 [internal function]: TechDivision\ServletContainer\ThreadRequest->run()
#5 {main}
